virtualbox-iso output will be in this color.

==> virtualbox-iso: Downloading or copying Guest additions
    virtualbox-iso: Downloading or copying: file:///C:/Program%20Files/Oracle/VirtualBox/VBoxGuestAdditions.iso
==> virtualbox-iso: Downloading or copying ISO
    virtualbox-iso: Downloading or copying: http://releases.ubuntu.com/17.10/ubuntu-17.10.1-server-amd64.iso
==> virtualbox-iso: Starting HTTP server on port 8820
==> virtualbox-iso: Creating virtual machine...
==> virtualbox-iso: Creating hard drive...
==> virtualbox-iso: Creating forwarded port mapping for communicator (SSH, WinRM, etc) (host port 2793)
==> virtualbox-iso: Executing custom VBoxManage commands...
    virtualbox-iso: Executing: modifyvm ubuntu-17.10-amd64 --memory 1024
    virtualbox-iso: Executing: modifyvm ubuntu-17.10-amd64 --cpus 1
==> virtualbox-iso: Starting the virtual machine...
==> virtualbox-iso: Waiting 10s for boot...
==> virtualbox-iso: Typing the boot command...
==> virtualbox-iso: Waiting for SSH to become available...
==> virtualbox-iso: Connected to SSH!
==> virtualbox-iso: Uploading VirtualBox version info (5.2.6)
==> virtualbox-iso: Uploading VirtualBox guest additions ISO...
==> virtualbox-iso: Provisioning with shell script: scripts/update.sh
    virtualbox-iso: [sudo] password for vagrant: + export DEBIAN_FRONTEND=noninteractive
    virtualbox-iso: + awk {print $2}
    virtualbox-iso: + lsb_release -r
    virtualbox-iso: + ubuntu_version=17.10
    virtualbox-iso: + awk -F. {print $1}
    virtualbox-iso: + echo 17.10
    virtualbox-iso: + ubuntu_major_version=17
    virtualbox-iso: + sed -i.bak s/^Prompt=.*$/Prompt=never/ /etc/update-manager/release-upgrades
    virtualbox-iso: + apt-get -y update
    virtualbox-iso: Hit:1 http://security.ubuntu.com/ubuntu artful-security InRelease
    virtualbox-iso: Hit:2 http://archive.ubuntu.com/ubuntu artful InRelease
    virtualbox-iso: Hit:3 http://archive.ubuntu.com/ubuntu artful-updates InRelease
    virtualbox-iso: Hit:4 http://archive.ubuntu.com/ubuntu artful-backports InRelease
    virtualbox-iso: Reading package lists...
    virtualbox-iso: + cat
    virtualbox-iso: + cat
    virtualbox-iso: + apt-get -y dist-upgrade -o Dpkg::Options::=--force-confnew
    virtualbox-iso: Reading package lists...
    virtualbox-iso: Building dependency tree...
    virtualbox-iso: Reading state information...
    virtualbox-iso: Calculating upgrade...
    virtualbox-iso: The following NEW packages will be installed:
    virtualbox-iso: linux-headers-4.13.0-37 linux-headers-4.13.0-37-generic
    virtualbox-iso: linux-image-4.13.0-37-generic linux-image-extra-4.13.0-37-generic
    virtualbox-iso: The following packages will be upgraded:
    virtualbox-iso: apparmor bind9-host bsdutils cloud-initramfs-copymods
    virtualbox-iso: cloud-initramfs-dyn-netconf curl dnsutils fdisk friendly-recovery
    virtualbox-iso: grub-legacy-ec2 iproute2 isc-dhcp-client isc-dhcp-common libapparmor-perl
    virtualbox-iso: libapparmor1 libbind9-140 libblkid1 libc-bin libcurl3 libcurl3-gnutls
    virtualbox-iso: libdns-export162 libdns162 libfdisk1 libisc-export160 libisc160 libisccc140
    virtualbox-iso: libisccfg140 liblwres141 libmount1 libparted2 libsmartcols1 libtasn1-6
    virtualbox-iso: libuuid1 linux-firmware linux-generic linux-headers-generic
    virtualbox-iso: linux-image-generic locales mount multiarch-support open-vm-tools
    virtualbox-iso: overlayroot parted python3-distupgrade python3-update-manager rsync
    virtualbox-iso: sensible-utils sosreport ubuntu-release-upgrader-core update-manager-core
    virtualbox-iso: util-linux uuid-runtime
    virtualbox-iso: 52 upgraded, 4 newly installed, 0 to remove and 0 not upgraded.
    virtualbox-iso: Need to get 118 MB of archives.
    virtualbox-iso: After this operation, 331 MB of additional disk space will be used.
    virtualbox-iso: Get:1 http://archive.ubuntu.com/ubuntu artful-updates/main amd64 bsdutils amd64 1:2.30.1-0ubuntu4.1 [59.8 kB]
    virtualbox-iso: Get:2 http://archive.ubuntu.com/ubuntu artful-updates/main amd64 libuuid1 amd64 2.30.1-0ubuntu4.1 [14.6 kB]
    virtualbox-iso: Get:3 http://archive.ubuntu.com/ubuntu artful-updates/main amd64 libblkid1 amd64 2.30.1-0ubuntu4.1 [119 kB]
    virtualbox-iso: Get:4 http://archive.ubuntu.com/ubuntu artful-updates/main amd64 libfdisk1 amd64 2.30.1-0ubuntu4.1 [157 kB]
    virtualbox-iso: Get:5 http://archive.ubuntu.com/ubuntu artful-updates/main amd64 libmount1 amd64 2.30.1-0ubuntu4.1 [131 kB]
    virtualbox-iso: Get:6 http://archive.ubuntu.com/ubuntu artful-updates/main amd64 libsmartcols1 amd64 2.30.1-0ubuntu4.1 [78.7 kB]
    virtualbox-iso: Get:7 http://archive.ubuntu.com/ubuntu artful-updates/main amd64 fdisk amd64 2.30.1-0ubuntu4.1 [106 kB]
    virtualbox-iso: Get:8 http://archive.ubuntu.com/ubuntu artful-updates/main amd64 util-linux amd64 2.30.1-0ubuntu4.1 [877 kB]
    virtualbox-iso: Get:9 http://archive.ubuntu.com/ubuntu artful-updates/main amd64 locales all 2.26-0ubuntu2.1 [3,128 kB]
    virtualbox-iso: Get:10 http://archive.ubuntu.com/ubuntu artful-updates/main amd64 libc-bin amd64 2.26-0ubuntu2.1 [609 kB]
    virtualbox-iso: Get:11 http://archive.ubuntu.com/ubuntu artful-updates/main amd64 mount amd64 2.30.1-0ubuntu4.1 [110 kB]
    virtualbox-iso: Get:12 http://archive.ubuntu.com/ubuntu artful-updates/main amd64 uuid-runtime amd64 2.30.1-0ubuntu4.1 [27.5 kB]
    virtualbox-iso: Get:13 http://archive.ubuntu.com/ubuntu artful-updates/main amd64 libtasn1-6 amd64 4.12-2.1ubuntu0.1 [35.8 kB]
    virtualbox-iso: Get:14 http://archive.ubuntu.com/ubuntu artful-updates/main amd64 sensible-utils all 0.0.10ubuntu0.1 [14.6 kB]
    virtualbox-iso: Get:15 http://archive.ubuntu.com/ubuntu artful-updates/main amd64 iproute2 amd64 4.9.0-1ubuntu2.1 [628 kB]
    virtualbox-iso: Get:16 http://archive.ubuntu.com/ubuntu artful-updates/main amd64 libisc-export160 amd64 1:9.10.3.dfsg.P4-12.6ubuntu1.1 [155 kB]
    virtualbox-iso: Get:17 http://archive.ubuntu.com/ubuntu artful-updates/main amd64 libdns-export162 amd64 1:9.10.3.dfsg.P4-12.6ubuntu1.1 [671 kB]
    virtualbox-iso: Get:18 http://archive.ubuntu.com/ubuntu artful-updates/main amd64 isc-dhcp-client amd64 4.3.5-3ubuntu2.3 [244 kB]
    virtualbox-iso: Get:19 http://archive.ubuntu.com/ubuntu artful-updates/main amd64 isc-dhcp-common amd64 4.3.5-3ubuntu2.3 [45.8 kB]
    virtualbox-iso: Get:20 http://archive.ubuntu.com/ubuntu artful-updates/main amd64 libapparmor1 amd64 2.11.0-2ubuntu17.1 [28.9 kB]
    virtualbox-iso: Get:21 http://archive.ubuntu.com/ubuntu artful-updates/main amd64 multiarch-support amd64 2.26-0ubuntu2.1 [6,828 B]
    virtualbox-iso: Get:22 http://archive.ubuntu.com/ubuntu artful-updates/main amd64 libapparmor-perl amd64 2.11.0-2ubuntu17.1 [32.2 kB]
    virtualbox-iso: Get:23 http://archive.ubuntu.com/ubuntu artful-updates/main amd64 apparmor amd64 2.11.0-2ubuntu17.1 [484 kB]
    virtualbox-iso: Get:24 http://archive.ubuntu.com/ubuntu artful-updates/main amd64 dnsutils amd64 1:9.10.3.dfsg.P4-12.6ubuntu1.1 [105 kB]
    virtualbox-iso: Get:25 http://archive.ubuntu.com/ubuntu artful-updates/main amd64 bind9-host amd64 1:9.10.3.dfsg.P4-12.6ubuntu1.1 [50.1 kB]
    virtualbox-iso: Get:26 http://archive.ubuntu.com/ubuntu artful-updates/main amd64 libisc160 amd64 1:9.10.3.dfsg.P4-12.6ubuntu1.1 [219 kB]
    virtualbox-iso: Get:27 http://archive.ubuntu.com/ubuntu artful-updates/main amd64 libdns162 amd64 1:9.10.3.dfsg.P4-12.6ubuntu1.1 [883 kB]
    virtualbox-iso: Get:28 http://archive.ubuntu.com/ubuntu artful-updates/main amd64 libisccc140 amd64 1:9.10.3.dfsg.P4-12.6ubuntu1.1 [16.6 kB]
    virtualbox-iso: Get:29 http://archive.ubuntu.com/ubuntu artful-updates/main amd64 libisccfg140 amd64 1:9.10.3.dfsg.P4-12.6ubuntu1.1 [40.9 kB]
    virtualbox-iso: Get:30 http://archive.ubuntu.com/ubuntu artful-updates/main amd64 liblwres141 amd64 1:9.10.3.dfsg.P4-12.6ubuntu1.1 [34.5 kB]
    virtualbox-iso: Get:31 http://archive.ubuntu.com/ubuntu artful-updates/main amd64 libbind9-140 amd64 1:9.10.3.dfsg.P4-12.6ubuntu1.1 [23.9 kB]
    virtualbox-iso: Get:32 http://archive.ubuntu.com/ubuntu artful-updates/main amd64 friendly-recovery all 0.2.36ubuntu1 [8,792 B]
    virtualbox-iso: Get:33 http://archive.ubuntu.com/ubuntu artful-updates/main amd64 parted amd64 3.2-18ubuntu0.1 [42.3 kB]
    virtualbox-iso: Get:34 http://archive.ubuntu.com/ubuntu artful-updates/main amd64 libparted2 amd64 3.2-18ubuntu0.1 [123 kB]
    virtualbox-iso: Get:35 http://archive.ubuntu.com/ubuntu artful-updates/main amd64 ubuntu-release-upgrader-core all 1:17.10.10 [24.1 kB]
    virtualbox-iso: Get:36 http://archive.ubuntu.com/ubuntu artful-updates/main amd64 python3-distupgrade all 1:17.10.10 [102 kB]
    virtualbox-iso: Get:37 http://archive.ubuntu.com/ubuntu artful-updates/main amd64 python3-update-manager all 1:17.10.13 [33.9 kB]
    virtualbox-iso: Get:38 http://archive.ubuntu.com/ubuntu artful-updates/main amd64 update-manager-core all 1:17.10.13 [8,410 B]
    virtualbox-iso: Get:39 http://archive.ubuntu.com/ubuntu artful-updates/main amd64 rsync amd64 3.1.2-2ubuntu0.2 [334 kB]
    virtualbox-iso: Get:40 http://archive.ubuntu.com/ubuntu artful-updates/main amd64 curl amd64 7.55.1-1ubuntu2.4 [152 kB]
    virtualbox-iso: Get:41 http://archive.ubuntu.com/ubuntu artful-updates/main amd64 libcurl3 amd64 7.55.1-1ubuntu2.4 [196 kB]
    virtualbox-iso: Get:42 http://archive.ubuntu.com/ubuntu artful-updates/main amd64 libcurl3-gnutls amd64 7.55.1-1ubuntu2.4 [193 kB]
    virtualbox-iso: Get:43 http://archive.ubuntu.com/ubuntu artful-updates/main amd64 linux-firmware all 1.169.3 [42.5 MB]
    virtualbox-iso: Get:44 http://archive.ubuntu.com/ubuntu artful-updates/main amd64 linux-image-4.13.0-37-generic amd64 4.13.0-37.42 [20.9 MB]
    virtualbox-iso: Get:45 http://archive.ubuntu.com/ubuntu artful-updates/main amd64 linux-image-extra-4.13.0-37-generic amd64 4.13.0-37.42 [31.7 MB]
    virtualbox-iso: Get:46 http://archive.ubuntu.com/ubuntu artful-updates/main amd64 linux-generic amd64 4.13.0.37.40 [1,786 B]
    virtualbox-iso: Get:47 http://archive.ubuntu.com/ubuntu artful-updates/main amd64 linux-image-generic amd64 4.13.0.37.40 [2,362 B]
    virtualbox-iso: Get:48 http://archive.ubuntu.com/ubuntu artful-updates/main amd64 linux-headers-4.13.0-37 all 4.13.0-37.42 [10.9 MB]
    virtualbox-iso: Get:49 http://archive.ubuntu.com/ubuntu artful-updates/main amd64 linux-headers-4.13.0-37-generic amd64 4.13.0-37.42 [692 kB]
    virtualbox-iso: Get:50 http://archive.ubuntu.com/ubuntu artful-updates/main amd64 linux-headers-generic amd64 4.13.0.37.40 [2,338 B]
    virtualbox-iso: Get:51 http://archive.ubuntu.com/ubuntu artful-updates/main amd64 sosreport amd64 3.5-1~ubuntu17.10.2 [120 kB]
    virtualbox-iso: Get:52 http://archive.ubuntu.com/ubuntu artful-updates/main amd64 cloud-initramfs-copymods all 0.39ubuntu1.1 [3,686 B]
    virtualbox-iso: Get:53 http://archive.ubuntu.com/ubuntu artful-updates/main amd64 cloud-initramfs-dyn-netconf all 0.39ubuntu1.1 [6,226 B]
    virtualbox-iso: Get:54 http://archive.ubuntu.com/ubuntu artful-updates/main amd64 grub-legacy-ec2 all 17.2-35-gf576b2a2-0ubuntu1~17.10.2 [23.3 kB]
    virtualbox-iso: Get:55 http://archive.ubuntu.com/ubuntu artful-updates/main amd64 open-vm-tools amd64 2:10.1.10-3ubuntu0.1 [540 kB]
    virtualbox-iso: Get:56 http://archive.ubuntu.com/ubuntu artful-updates/main amd64 overlayroot all 0.39ubuntu1.1 [15.1 kB]
    virtualbox-iso: Preconfiguring packages ...
    virtualbox-iso: Fetched 118 MB in 8min 35s (228 kB/s)
    virtualbox-iso: (Reading database ... 74248 files and directories currently installed.)
    virtualbox-iso: Preparing to unpack .../bsdutils_1%3a2.30.1-0ubuntu4.1_amd64.deb ...
    virtualbox-iso: Unpacking bsdutils (1:2.30.1-0ubuntu4.1) over (1:2.30.1-0ubuntu4) ...
    virtualbox-iso: Setting up bsdutils (1:2.30.1-0ubuntu4.1) ...
    virtualbox-iso: (Reading database ... 74248 files and directories currently installed.)
    virtualbox-iso: Preparing to unpack .../libuuid1_2.30.1-0ubuntu4.1_amd64.deb ...
    virtualbox-iso: Unpacking libuuid1:amd64 (2.30.1-0ubuntu4.1) over (2.30.1-0ubuntu4) ...
    virtualbox-iso: Setting up libuuid1:amd64 (2.30.1-0ubuntu4.1) ...
    virtualbox-iso: (Reading database ... 74248 files and directories currently installed.)
    virtualbox-iso: Preparing to unpack .../libblkid1_2.30.1-0ubuntu4.1_amd64.deb ...
    virtualbox-iso: Unpacking libblkid1:amd64 (2.30.1-0ubuntu4.1) over (2.30.1-0ubuntu4) ...
    virtualbox-iso: Setting up libblkid1:amd64 (2.30.1-0ubuntu4.1) ...
    virtualbox-iso: (Reading database ... 74248 files and directories currently installed.)
    virtualbox-iso: Preparing to unpack .../libfdisk1_2.30.1-0ubuntu4.1_amd64.deb ...
    virtualbox-iso: Unpacking libfdisk1:amd64 (2.30.1-0ubuntu4.1) over (2.30.1-0ubuntu4) ...
    virtualbox-iso: Setting up libfdisk1:amd64 (2.30.1-0ubuntu4.1) ...
    virtualbox-iso: (Reading database ... 74248 files and directories currently installed.)
    virtualbox-iso: Preparing to unpack .../libmount1_2.30.1-0ubuntu4.1_amd64.deb ...
    virtualbox-iso: Unpacking libmount1:amd64 (2.30.1-0ubuntu4.1) over (2.30.1-0ubuntu4) ...
    virtualbox-iso: Setting up libmount1:amd64 (2.30.1-0ubuntu4.1) ...
    virtualbox-iso: (Reading database ... 74248 files and directories currently installed.)
    virtualbox-iso: Preparing to unpack .../libsmartcols1_2.30.1-0ubuntu4.1_amd64.deb ...
    virtualbox-iso: Unpacking libsmartcols1:amd64 (2.30.1-0ubuntu4.1) over (2.30.1-0ubuntu4) ...
    virtualbox-iso: Setting up libsmartcols1:amd64 (2.30.1-0ubuntu4.1) ...
    virtualbox-iso: (Reading database ... 74248 files and directories currently installed.)
    virtualbox-iso: Preparing to unpack .../fdisk_2.30.1-0ubuntu4.1_amd64.deb ...
    virtualbox-iso: Unpacking fdisk (2.30.1-0ubuntu4.1) over (2.30.1-0ubuntu4) ...
    virtualbox-iso: Setting up fdisk (2.30.1-0ubuntu4.1) ...
    virtualbox-iso: (Reading database ... 74248 files and directories currently installed.)
    virtualbox-iso: Preparing to unpack .../util-linux_2.30.1-0ubuntu4.1_amd64.deb ...
    virtualbox-iso: Unpacking util-linux (2.30.1-0ubuntu4.1) over (2.30.1-0ubuntu4) ...
    virtualbox-iso: Setting up util-linux (2.30.1-0ubuntu4.1) ...
    virtualbox-iso: (Reading database ... 74248 files and directories currently installed.)
    virtualbox-iso: Preparing to unpack .../locales_2.26-0ubuntu2.1_all.deb ...
    virtualbox-iso: Unpacking locales (2.26-0ubuntu2.1) over (2.26-0ubuntu2) ...
    virtualbox-iso: Preparing to unpack .../libc-bin_2.26-0ubuntu2.1_amd64.deb ...
    virtualbox-iso: Unpacking libc-bin (2.26-0ubuntu2.1) over (2.26-0ubuntu2) ...
    virtualbox-iso: Setting up libc-bin (2.26-0ubuntu2.1) ...
    virtualbox-iso: (Reading database ... 74248 files and directories currently installed.)
    virtualbox-iso: Preparing to unpack .../mount_2.30.1-0ubuntu4.1_amd64.deb ...
    virtualbox-iso: Unpacking mount (2.30.1-0ubuntu4.1) over (2.30.1-0ubuntu4) ...
    virtualbox-iso: Preparing to unpack .../uuid-runtime_2.30.1-0ubuntu4.1_amd64.deb ...
    virtualbox-iso: Unpacking uuid-runtime (2.30.1-0ubuntu4.1) over (2.30.1-0ubuntu4) ...
    virtualbox-iso: Preparing to unpack .../libtasn1-6_4.12-2.1ubuntu0.1_amd64.deb ...
    virtualbox-iso: Unpacking libtasn1-6:amd64 (4.12-2.1ubuntu0.1) over (4.12-2.1) ...
    virtualbox-iso: Setting up libtasn1-6:amd64 (4.12-2.1ubuntu0.1) ...
    virtualbox-iso: (Reading database ... 74248 files and directories currently installed.)
    virtualbox-iso: Preparing to unpack .../00-sensible-utils_0.0.10ubuntu0.1_all.deb ...
    virtualbox-iso: Unpacking sensible-utils (0.0.10ubuntu0.1) over (0.0.10) ...
    virtualbox-iso: Preparing to unpack .../01-iproute2_4.9.0-1ubuntu2.1_amd64.deb ...
    virtualbox-iso: Unpacking iproute2 (4.9.0-1ubuntu2.1) over (4.9.0-1ubuntu2) ...
    virtualbox-iso: Preparing to unpack .../02-libisc-export160_1%3a9.10.3.dfsg.P4-12.6ubuntu1.1_amd64.deb ...
    virtualbox-iso: Unpacking libisc-export160 (1:9.10.3.dfsg.P4-12.6ubuntu1.1) over (1:9.10.3.dfsg.P4-12.6ubuntu1) ...
    virtualbox-iso: Preparing to unpack .../03-libdns-export162_1%3a9.10.3.dfsg.P4-12.6ubuntu1.1_amd64.deb ...
    virtualbox-iso: Unpacking libdns-export162 (1:9.10.3.dfsg.P4-12.6ubuntu1.1) over (1:9.10.3.dfsg.P4-12.6ubuntu1) ...
    virtualbox-iso: Preparing to unpack .../04-isc-dhcp-client_4.3.5-3ubuntu2.3_amd64.deb ...
    virtualbox-iso: Unpacking isc-dhcp-client (4.3.5-3ubuntu2.3) over (4.3.5-3ubuntu2) ...
    virtualbox-iso: Preparing to unpack .../05-isc-dhcp-common_4.3.5-3ubuntu2.3_amd64.deb ...
    virtualbox-iso: Unpacking isc-dhcp-common (4.3.5-3ubuntu2.3) over (4.3.5-3ubuntu2) ...
    virtualbox-iso: Preparing to unpack .../06-libapparmor1_2.11.0-2ubuntu17.1_amd64.deb ...
    virtualbox-iso: Unpacking libapparmor1:amd64 (2.11.0-2ubuntu17.1) over (2.11.0-2ubuntu17) ...
    virtualbox-iso: Preparing to unpack .../07-multiarch-support_2.26-0ubuntu2.1_amd64.deb ...
    virtualbox-iso: Unpacking multiarch-support (2.26-0ubuntu2.1) over (2.26-0ubuntu2) ...
    virtualbox-iso: Preparing to unpack .../08-libapparmor-perl_2.11.0-2ubuntu17.1_amd64.deb ...
    virtualbox-iso: Unpacking libapparmor-perl (2.11.0-2ubuntu17.1) over (2.11.0-2ubuntu17) ...
    virtualbox-iso: Preparing to unpack .../09-apparmor_2.11.0-2ubuntu17.1_amd64.deb ...
    virtualbox-iso: Unpacking apparmor (2.11.0-2ubuntu17.1) over (2.11.0-2ubuntu17) ...
    virtualbox-iso: Preparing to unpack .../10-dnsutils_1%3a9.10.3.dfsg.P4-12.6ubuntu1.1_amd64.deb ...
    virtualbox-iso: Unpacking dnsutils (1:9.10.3.dfsg.P4-12.6ubuntu1.1) over (1:9.10.3.dfsg.P4-12.6ubuntu1) ...
    virtualbox-iso: Preparing to unpack .../11-bind9-host_1%3a9.10.3.dfsg.P4-12.6ubuntu1.1_amd64.deb ...
    virtualbox-iso: Unpacking bind9-host (1:9.10.3.dfsg.P4-12.6ubuntu1.1) over (1:9.10.3.dfsg.P4-12.6ubuntu1) ...
    virtualbox-iso: Preparing to unpack .../12-libisc160_1%3a9.10.3.dfsg.P4-12.6ubuntu1.1_amd64.deb ...
    virtualbox-iso: Unpacking libisc160:amd64 (1:9.10.3.dfsg.P4-12.6ubuntu1.1) over (1:9.10.3.dfsg.P4-12.6ubuntu1) ...
    virtualbox-iso: Preparing to unpack .../13-libdns162_1%3a9.10.3.dfsg.P4-12.6ubuntu1.1_amd64.deb ...
    virtualbox-iso: Unpacking libdns162:amd64 (1:9.10.3.dfsg.P4-12.6ubuntu1.1) over (1:9.10.3.dfsg.P4-12.6ubuntu1) ...
    virtualbox-iso: Preparing to unpack .../14-libisccc140_1%3a9.10.3.dfsg.P4-12.6ubuntu1.1_amd64.deb ...
    virtualbox-iso: Unpacking libisccc140:amd64 (1:9.10.3.dfsg.P4-12.6ubuntu1.1) over (1:9.10.3.dfsg.P4-12.6ubuntu1) ...
    virtualbox-iso: Preparing to unpack .../15-libisccfg140_1%3a9.10.3.dfsg.P4-12.6ubuntu1.1_amd64.deb ...
    virtualbox-iso: Unpacking libisccfg140:amd64 (1:9.10.3.dfsg.P4-12.6ubuntu1.1) over (1:9.10.3.dfsg.P4-12.6ubuntu1) ...
    virtualbox-iso: Preparing to unpack .../16-liblwres141_1%3a9.10.3.dfsg.P4-12.6ubuntu1.1_amd64.deb ...
    virtualbox-iso: Unpacking liblwres141:amd64 (1:9.10.3.dfsg.P4-12.6ubuntu1.1) over (1:9.10.3.dfsg.P4-12.6ubuntu1) ...
    virtualbox-iso: Preparing to unpack .../17-libbind9-140_1%3a9.10.3.dfsg.P4-12.6ubuntu1.1_amd64.deb ...
    virtualbox-iso: Unpacking libbind9-140:amd64 (1:9.10.3.dfsg.P4-12.6ubuntu1.1) over (1:9.10.3.dfsg.P4-12.6ubuntu1) ...
    virtualbox-iso: Preparing to unpack .../18-friendly-recovery_0.2.36ubuntu1_all.deb ...
    virtualbox-iso: Unpacking friendly-recovery (0.2.36ubuntu1) over (0.2.36) ...
    virtualbox-iso: Preparing to unpack .../19-parted_3.2-18ubuntu0.1_amd64.deb ...
    virtualbox-iso: Unpacking parted (3.2-18ubuntu0.1) over (3.2-18) ...
    virtualbox-iso: Preparing to unpack .../20-libparted2_3.2-18ubuntu0.1_amd64.deb ...
    virtualbox-iso: Unpacking libparted2:amd64 (3.2-18ubuntu0.1) over (3.2-18) ...
    virtualbox-iso: Preparing to unpack .../21-ubuntu-release-upgrader-core_1%3a17.10.10_all.deb ...
    virtualbox-iso: Unpacking ubuntu-release-upgrader-core (1:17.10.10) over (1:17.10.8) ...
    virtualbox-iso: Preparing to unpack .../22-python3-distupgrade_1%3a17.10.10_all.deb ...
    virtualbox-iso: Unpacking python3-distupgrade (1:17.10.10) over (1:17.10.8) ...
    virtualbox-iso: Preparing to unpack .../23-python3-update-manager_1%3a17.10.13_all.deb ...
    virtualbox-iso: Unpacking python3-update-manager (1:17.10.13) over (1:17.10.11) ...
    virtualbox-iso: Preparing to unpack .../24-update-manager-core_1%3a17.10.13_all.deb ...
    virtualbox-iso: Unpacking update-manager-core (1:17.10.13) over (1:17.10.11) ...
    virtualbox-iso: Preparing to unpack .../25-rsync_3.1.2-2ubuntu0.2_amd64.deb ...
    virtualbox-iso: Unpacking rsync (3.1.2-2ubuntu0.2) over (3.1.2-2ubuntu0.1) ...
    virtualbox-iso: Preparing to unpack .../26-curl_7.55.1-1ubuntu2.4_amd64.deb ...
    virtualbox-iso: Unpacking curl (7.55.1-1ubuntu2.4) over (7.55.1-1ubuntu2.2) ...
    virtualbox-iso: Preparing to unpack .../27-libcurl3_7.55.1-1ubuntu2.4_amd64.deb ...
    virtualbox-iso: Unpacking libcurl3:amd64 (7.55.1-1ubuntu2.4) over (7.55.1-1ubuntu2.2) ...
    virtualbox-iso: Preparing to unpack .../28-libcurl3-gnutls_7.55.1-1ubuntu2.4_amd64.deb ...
    virtualbox-iso: Unpacking libcurl3-gnutls:amd64 (7.55.1-1ubuntu2.4) over (7.55.1-1ubuntu2.2) ...
    virtualbox-iso: Preparing to unpack .../29-linux-firmware_1.169.3_all.deb ...
    virtualbox-iso: Unpacking linux-firmware (1.169.3) over (1.169.1) ...
    virtualbox-iso: Selecting previously unselected package linux-image-4.13.0-37-generic.
    virtualbox-iso: Preparing to unpack .../30-linux-image-4.13.0-37-generic_4.13.0-37.42_amd64.deb ...
    virtualbox-iso: Done.
    virtualbox-iso: Unpacking linux-image-4.13.0-37-generic (4.13.0-37.42) ...
    virtualbox-iso: Selecting previously unselected package linux-image-extra-4.13.0-37-generic.
    virtualbox-iso: Preparing to unpack .../31-linux-image-extra-4.13.0-37-generic_4.13.0-37.42_amd64.deb ...
    virtualbox-iso: Unpacking linux-image-extra-4.13.0-37-generic (4.13.0-37.42) ...
    virtualbox-iso: Preparing to unpack .../32-linux-generic_4.13.0.37.40_amd64.deb ...
    virtualbox-iso: Unpacking linux-generic (4.13.0.37.40) over (4.13.0.21.22) ...
    virtualbox-iso: Preparing to unpack .../33-linux-image-generic_4.13.0.37.40_amd64.deb ...
    virtualbox-iso: Unpacking linux-image-generic (4.13.0.37.40) over (4.13.0.21.22) ...
    virtualbox-iso: Selecting previously unselected package linux-headers-4.13.0-37.
    virtualbox-iso: Preparing to unpack .../34-linux-headers-4.13.0-37_4.13.0-37.42_all.deb ...
    virtualbox-iso: Unpacking linux-headers-4.13.0-37 (4.13.0-37.42) ...
    virtualbox-iso: Selecting previously unselected package linux-headers-4.13.0-37-generic.
    virtualbox-iso: Preparing to unpack .../35-linux-headers-4.13.0-37-generic_4.13.0-37.42_amd64.deb ...
    virtualbox-iso: Unpacking linux-headers-4.13.0-37-generic (4.13.0-37.42) ...
    virtualbox-iso: Preparing to unpack .../36-linux-headers-generic_4.13.0.37.40_amd64.deb ...
    virtualbox-iso: Unpacking linux-headers-generic (4.13.0.37.40) over (4.13.0.21.22) ...
    virtualbox-iso: Preparing to unpack .../37-sosreport_3.5-1~ubuntu17.10.2_amd64.deb ...
    virtualbox-iso: Unpacking sosreport (3.5-1~ubuntu17.10.2) over (3.4-1) ...
    virtualbox-iso: Preparing to unpack .../38-cloud-initramfs-copymods_0.39ubuntu1.1_all.deb ...
    virtualbox-iso: Unpacking cloud-initramfs-copymods (0.39ubuntu1.1) over (0.39ubuntu1) ...
    virtualbox-iso: Preparing to unpack .../39-cloud-initramfs-dyn-netconf_0.39ubuntu1.1_all.deb ...
    virtualbox-iso: Unpacking cloud-initramfs-dyn-netconf (0.39ubuntu1.1) over (0.39ubuntu1) ...
    virtualbox-iso: Preparing to unpack .../40-grub-legacy-ec2_17.2-35-gf576b2a2-0ubuntu1~17.10.2_all.deb ...
    virtualbox-iso: Leaving 'diversion of /usr/sbin/grub-set-default to /usr/sbin/grub-set-default.real by grub-legacy-ec2'
    virtualbox-iso: Unpacking grub-legacy-ec2 (17.2-35-gf576b2a2-0ubuntu1~17.10.2) over (17.1-46-g7acc9e68-0ubuntu1~17.10.1) ...
    virtualbox-iso: Preparing to unpack .../41-open-vm-tools_2%3a10.1.10-3ubuntu0.1_amd64.deb ...
    virtualbox-iso: Unpacking open-vm-tools (2:10.1.10-3ubuntu0.1) over (2:10.1.10-3) ...
    virtualbox-iso: Preparing to unpack .../42-overlayroot_0.39ubuntu1.1_all.deb ...
    virtualbox-iso: Unpacking overlayroot (0.39ubuntu1.1) over (0.39ubuntu1) ...
    virtualbox-iso: Setting up libparted2:amd64 (3.2-18ubuntu0.1) ...
    virtualbox-iso: Setting up libisc160:amd64 (1:9.10.3.dfsg.P4-12.6ubuntu1.1) ...
    virtualbox-iso: Setting up libisc-export160 (1:9.10.3.dfsg.P4-12.6ubuntu1.1) ...
    virtualbox-iso: Processing triggers for mime-support (3.60ubuntu1) ...
    virtualbox-iso: Processing triggers for ureadahead (0.100.0-20) ...
    virtualbox-iso: Setting up isc-dhcp-common (4.3.5-3ubuntu2.3) ...
    virtualbox-iso: Setting up libcurl3:amd64 (7.55.1-1ubuntu2.4) ...
    virtualbox-iso: Setting up libcurl3-gnutls:amd64 (7.55.1-1ubuntu2.4) ...
    virtualbox-iso: Setting up multiarch-support (2.26-0ubuntu2.1) ...
    virtualbox-iso: Setting up grub-legacy-ec2 (17.2-35-gf576b2a2-0ubuntu1~17.10.2) ...
    virtualbox-iso: Searching for GRUB installation directory ... found: /boot/grub
    virtualbox-iso: Searching for default file ... found: /boot/grub/default
    virtualbox-iso: Testing for an existing GRUB menu.lst file ... found: /boot/grub/menu.lst
    virtualbox-iso: Searching for splash image ... none found, skipping ...
    virtualbox-iso: Found kernel: /boot/vmlinuz-4.13.0-21-generic
    virtualbox-iso: Found kernel: /boot/vmlinuz-4.13.0-37-generic
    virtualbox-iso: Found kernel: /boot/vmlinuz-4.13.0-21-generic
    virtualbox-iso: Replacing config file /run/grub/menu.lst with new version
    virtualbox-iso: Updating /boot/grub/menu.lst ... done
    virtualbox-iso:
    virtualbox-iso: Setting up cloud-initramfs-copymods (0.39ubuntu1.1) ...
    virtualbox-iso: Setting up linux-image-4.13.0-37-generic (4.13.0-37.42) ...
    virtualbox-iso: Running depmod.
    virtualbox-iso: update-initramfs: deferring update (hook will be called later)
    virtualbox-iso: Examining /etc/kernel/postinst.d.
    virtualbox-iso: run-parts: executing /etc/kernel/postinst.d/apt-auto-removal 4.13.0-37-generic /boot/vmlinuz-4.13.0-37-generic
    virtualbox-iso: run-parts: executing /etc/kernel/postinst.d/dkms 4.13.0-37-generic /boot/vmlinuz-4.13.0-37-generic
    virtualbox-iso: run-parts: executing /etc/kernel/postinst.d/initramfs-tools 4.13.0-37-generic /boot/vmlinuz-4.13.0-37-generic
    virtualbox-iso: update-initramfs: Generating /boot/initrd.img-4.13.0-37-generic
    virtualbox-iso: WARNING: Setting CRYPTSETUP in /etc/initramfs-tools/initramfs.conf is deprecated and will stop working in the future. Use /etc/cryptsetup-initramfs/conf-hook instead.
    virtualbox-iso: run-parts: executing /etc/kernel/postinst.d/unattended-upgrades 4.13.0-37-generic /boot/vmlinuz-4.13.0-37-generic
    virtualbox-iso: run-parts: executing /etc/kernel/postinst.d/update-notifier 4.13.0-37-generic /boot/vmlinuz-4.13.0-37-generic
    virtualbox-iso: run-parts: executing /etc/kernel/postinst.d/x-grub-legacy-ec2 4.13.0-37-generic /boot/vmlinuz-4.13.0-37-generic
    virtualbox-iso: Searching for GRUB installation directory ... found: /boot/grub
    virtualbox-iso: Searching for default file ... found: /boot/grub/default
    virtualbox-iso: Testing for an existing GRUB menu.lst file ... found: /boot/grub/menu.lst
    virtualbox-iso: Searching for splash image ... none found, skipping ...
    virtualbox-iso: Found kernel: /boot/vmlinuz-4.13.0-37-generic
    virtualbox-iso: Found kernel: /boot/vmlinuz-4.13.0-21-generic
    virtualbox-iso: Replacing config file /run/grub/menu.lst with new version
    virtualbox-iso: Found kernel: /boot/vmlinuz-4.13.0-37-generic
    virtualbox-iso: Found kernel: /boot/vmlinuz-4.13.0-21-generic
    virtualbox-iso: Updating /boot/grub/menu.lst ... done
    virtualbox-iso:
    virtualbox-iso: run-parts: executing /etc/kernel/postinst.d/zz-update-grub 4.13.0-37-generic /boot/vmlinuz-4.13.0-37-generic
    virtualbox-iso: Generating grub configuration file ...
    virtualbox-iso: Warning: Setting GRUB_TIMEOUT to a non-zero value when GRUB_HIDDEN_TIMEOUT is set is no longer supported.
    virtualbox-iso: Found linux image: /boot/vmlinuz-4.13.0-37-generic
    virtualbox-iso: Found initrd image: /boot/initrd.img-4.13.0-37-generic
    virtualbox-iso: Found linux image: /boot/vmlinuz-4.13.0-21-generic
    virtualbox-iso: Found initrd image: /boot/initrd.img-4.13.0-21-generic
    virtualbox-iso: done
    virtualbox-iso: Setting up mount (2.30.1-0ubuntu4.1) ...
    virtualbox-iso: Setting up libdns-export162 (1:9.10.3.dfsg.P4-12.6ubuntu1.1) ...
    virtualbox-iso: Setting up overlayroot (0.39ubuntu1.1) ...
    virtualbox-iso: Setting up cloud-initramfs-dyn-netconf (0.39ubuntu1.1) ...
    virtualbox-iso: Setting up parted (3.2-18ubuntu0.1) ...
    virtualbox-iso: Setting up iproute2 (4.9.0-1ubuntu2.1) ...
    virtualbox-iso: Setting up isc-dhcp-client (4.3.5-3ubuntu2.3) ...
    virtualbox-iso: Setting up uuid-runtime (2.30.1-0ubuntu4.1) ...
    virtualbox-iso: Setting up rsync (3.1.2-2ubuntu0.2) ...
    virtualbox-iso: Setting up libisccc140:amd64 (1:9.10.3.dfsg.P4-12.6ubuntu1.1) ...
    virtualbox-iso: Setting up sensible-utils (0.0.10ubuntu0.1) ...
    virtualbox-iso: Processing triggers for libc-bin (2.26-0ubuntu2.1) ...
    virtualbox-iso: Setting up libapparmor1:amd64 (2.11.0-2ubuntu17.1) ...
    virtualbox-iso: Setting up sosreport (3.5-1~ubuntu17.10.2) ...
    virtualbox-iso: Processing triggers for systemd (234-2ubuntu12.1) ...
    virtualbox-iso: Setting up liblwres141:amd64 (1:9.10.3.dfsg.P4-12.6ubuntu1.1) ...
    virtualbox-iso: Processing triggers for man-db (2.7.6.1-2) ...
    virtualbox-iso: Setting up linux-headers-4.13.0-37 (4.13.0-37.42) ...
    virtualbox-iso: Setting up friendly-recovery (0.2.36ubuntu1) ...
    virtualbox-iso: Generating grub configuration file ...
    virtualbox-iso: Warning: Setting GRUB_TIMEOUT to a non-zero value when GRUB_HIDDEN_TIMEOUT is set is no longer supported.
    virtualbox-iso: Found linux image: /boot/vmlinuz-4.13.0-37-generic
    virtualbox-iso: Found initrd image: /boot/initrd.img-4.13.0-37-generic
    virtualbox-iso: Found linux image: /boot/vmlinuz-4.13.0-21-generic
    virtualbox-iso: Found initrd image: /boot/initrd.img-4.13.0-21-generic
    virtualbox-iso: done
    virtualbox-iso: Setting up locales (2.26-0ubuntu2.1) ...
    virtualbox-iso: Generating locales (this might take a while)...
    virtualbox-iso: en_AG.UTF-8... done
    virtualbox-iso: en_AU.UTF-8... done
    virtualbox-iso: en_BW.UTF-8... done
    virtualbox-iso: en_CA.UTF-8... done
    virtualbox-iso: en_DK.UTF-8... done
    virtualbox-iso: en_GB.UTF-8... done
    virtualbox-iso: en_HK.UTF-8... done
    virtualbox-iso: en_IE.UTF-8... done
    virtualbox-iso: en_IL.UTF-8... done
    virtualbox-iso: en_IN.UTF-8... done
    virtualbox-iso: en_NG.UTF-8... done
    virtualbox-iso: en_NZ.UTF-8... done
    virtualbox-iso: en_PH.UTF-8... done
    virtualbox-iso: en_SG.UTF-8... done
    virtualbox-iso: en_US.ISO-8859-1... done
    virtualbox-iso: en_US.UTF-8... done
    virtualbox-iso: en_ZA.UTF-8... done
    virtualbox-iso: en_ZM.UTF-8... done
    virtualbox-iso: en_ZW.UTF-8... done
    virtualbox-iso: Generation complete.
    virtualbox-iso: Setting up linux-firmware (1.169.3) ...
    virtualbox-iso: update-initramfs: Generating /boot/initrd.img-4.13.0-37-generic
    virtualbox-iso: WARNING: Setting CRYPTSETUP in /etc/initramfs-tools/initramfs.conf is deprecated and will stop working in the future. Use /etc/cryptsetup-initramfs/conf-hook instead.
    virtualbox-iso: update-initramfs: Generating /boot/initrd.img-4.13.0-21-generic
    virtualbox-iso: WARNING: Setting CRYPTSETUP in /etc/initramfs-tools/initramfs.conf is deprecated and will stop working in the future. Use /etc/cryptsetup-initramfs/conf-hook instead.
    virtualbox-iso: Setting up libapparmor-perl (2.11.0-2ubuntu17.1) ...
    virtualbox-iso: Setting up libdns162:amd64 (1:9.10.3.dfsg.P4-12.6ubuntu1.1) ...
    virtualbox-iso: Setting up curl (7.55.1-1ubuntu2.4) ...
    virtualbox-iso: Setting up open-vm-tools (2:10.1.10-3ubuntu0.1) ...
    virtualbox-iso: Installing new version of config file /etc/vmware-tools/tools.conf ...
    virtualbox-iso: Setting up linux-image-extra-4.13.0-37-generic (4.13.0-37.42) ...
    virtualbox-iso: run-parts: executing /etc/kernel/postinst.d/apt-auto-removal 4.13.0-37-generic /boot/vmlinuz-4.13.0-37-generic
    virtualbox-iso: run-parts: executing /etc/kernel/postinst.d/dkms 4.13.0-37-generic /boot/vmlinuz-4.13.0-37-generic
    virtualbox-iso: run-parts: executing /etc/kernel/postinst.d/initramfs-tools 4.13.0-37-generic /boot/vmlinuz-4.13.0-37-generic
    virtualbox-iso: update-initramfs: Generating /boot/initrd.img-4.13.0-37-generic
    virtualbox-iso: WARNING: Setting CRYPTSETUP in /etc/initramfs-tools/initramfs.conf is deprecated and will stop working in the future. Use /etc/cryptsetup-initramfs/conf-hook instead.
    virtualbox-iso: run-parts: executing /etc/kernel/postinst.d/unattended-upgrades 4.13.0-37-generic /boot/vmlinuz-4.13.0-37-generic
    virtualbox-iso: run-parts: executing /etc/kernel/postinst.d/update-notifier 4.13.0-37-generic /boot/vmlinuz-4.13.0-37-generic
    virtualbox-iso: run-parts: executing /etc/kernel/postinst.d/x-grub-legacy-ec2 4.13.0-37-generic /boot/vmlinuz-4.13.0-37-generic
    virtualbox-iso: Searching for GRUB installation directory ... found: /boot/grub
    virtualbox-iso: Searching for default file ... found: /boot/grub/default
    virtualbox-iso: Testing for an existing GRUB menu.lst file ... found: /boot/grub/menu.lst
    virtualbox-iso: Searching for splash image ... none found, skipping ...
    virtualbox-iso: Found kernel: /boot/vmlinuz-4.13.0-37-generic
    virtualbox-iso: Found kernel: /boot/vmlinuz-4.13.0-21-generic
    virtualbox-iso: Found kernel: /boot/vmlinuz-4.13.0-37-generic
    virtualbox-iso: Found kernel: /boot/vmlinuz-4.13.0-21-generic
    virtualbox-iso: Updating /boot/grub/menu.lst ... done
    virtualbox-iso:
    virtualbox-iso: run-parts: executing /etc/kernel/postinst.d/zz-update-grub 4.13.0-37-generic /boot/vmlinuz-4.13.0-37-generic
    virtualbox-iso: Generating grub configuration file ...
    virtualbox-iso: Warning: Setting GRUB_TIMEOUT to a non-zero value when GRUB_HIDDEN_TIMEOUT is set is no longer supported.
    virtualbox-iso: Found linux image: /boot/vmlinuz-4.13.0-37-generic
    virtualbox-iso: Found initrd image: /boot/initrd.img-4.13.0-37-generic
    virtualbox-iso: Found linux image: /boot/vmlinuz-4.13.0-21-generic
    virtualbox-iso: Found initrd image: /boot/initrd.img-4.13.0-21-generic
    virtualbox-iso: done
    virtualbox-iso: Setting up libisccfg140:amd64 (1:9.10.3.dfsg.P4-12.6ubuntu1.1) ...
    virtualbox-iso: Setting up linux-headers-4.13.0-37-generic (4.13.0-37.42) ...
    virtualbox-iso: Examining /etc/kernel/header_postinst.d.
    virtualbox-iso: run-parts: executing /etc/kernel/header_postinst.d/dkms 4.13.0-37-generic /boot/vmlinuz-4.13.0-37-generic
    virtualbox-iso: Setting up apparmor (2.11.0-2ubuntu17.1) ...
    virtualbox-iso: Installing new version of config file /etc/apparmor.d/tunables/kernelvars ...
    virtualbox-iso: update-rc.d: warning: start and stop actions are no longer supported; falling back to defaults
    virtualbox-iso: Skipping profile in /etc/apparmor.d/disable: usr.sbin.rsyslogd
    virtualbox-iso: Setting up libbind9-140:amd64 (1:9.10.3.dfsg.P4-12.6ubuntu1.1) ...
    virtualbox-iso: Setting up linux-image-generic (4.13.0.37.40) ...
    virtualbox-iso: Setting up linux-headers-generic (4.13.0.37.40) ...
    virtualbox-iso: Setting up bind9-host (1:9.10.3.dfsg.P4-12.6ubuntu1.1) ...
    virtualbox-iso: Setting up dnsutils (1:9.10.3.dfsg.P4-12.6ubuntu1.1) ...
    virtualbox-iso: Setting up linux-generic (4.13.0.37.40) ...
    virtualbox-iso: Setting up python3-update-manager (1:17.10.13) ...
    virtualbox-iso: Setting up python3-distupgrade (1:17.10.10) ...
    virtualbox-iso: Setting up ubuntu-release-upgrader-core (1:17.10.10) ...
    virtualbox-iso: Setting up update-manager-core (1:17.10.13) ...
    virtualbox-iso: Processing triggers for initramfs-tools (0.125ubuntu12) ...
    virtualbox-iso: update-initramfs: Generating /boot/initrd.img-4.13.0-37-generic
    virtualbox-iso: WARNING: Setting CRYPTSETUP in /etc/initramfs-tools/initramfs.conf is deprecated and will stop working in the future. Use /etc/cryptsetup-initramfs/conf-hook instead.
    virtualbox-iso: Processing triggers for libc-bin (2.26-0ubuntu2.1) ...
==> virtualbox-iso: Provisioning with shell script: scripts/sshd.sh
    virtualbox-iso: [sudo] password for vagrant: + SSHD_CONFIG=/etc/ssh/sshd_config
    virtualbox-iso: + sed -i -e $a\ /etc/ssh/sshd_config
    virtualbox-iso: + USEDNS=UseDNS no
    virtualbox-iso: + grep -q -E ^[[:space:]]*UseDNS /etc/ssh/sshd_config
    virtualbox-iso: + echo UseDNS no
    virtualbox-iso: + GSSAPI=GSSAPIAuthentication no
    virtualbox-iso: + grep -q -E ^[[:space:]]*GSSAPIAuthentication /etc/ssh/sshd_config
    virtualbox-iso: + echo GSSAPIAuthentication no
==> virtualbox-iso: Provisioning with shell script: scripts/networking.sh
    virtualbox-iso: [sudo] password for vagrant: + awk {print $2}
    virtualbox-iso: + lsb_release -r
    virtualbox-iso: + ubuntu_version=17.10
    virtualbox-iso: + [ 17.10 = 17.10 ]
    virtualbox-iso: Create netplan config for eth0
    virtualbox-iso: + echo Create netplan config for eth0
    virtualbox-iso: + cat
    virtualbox-iso: + sed -ie s/GRUB_CMDLINE_LINUX="\(.*\)"/GRUB_CMDLINE_LINUX="net.ifnames=0 biosdevname=0 \1"/g /etc/default/grub
    virtualbox-iso: + update-grub
    virtualbox-iso: Generating grub configuration file ...
    virtualbox-iso: Warning: Setting GRUB_TIMEOUT to a non-zero value when GRUB_HIDDEN_TIMEOUT is set is no longer supported.
    virtualbox-iso: Found linux image: /boot/vmlinuz-4.13.0-37-generic
    virtualbox-iso: Found initrd image: /boot/initrd.img-4.13.0-37-generic
    virtualbox-iso: Found linux image: /boot/vmlinuz-4.13.0-21-generic
    virtualbox-iso: Found initrd image: /boot/initrd.img-4.13.0-21-generic
    virtualbox-iso: done
==> virtualbox-iso: Provisioning with shell script: scripts/sudoers.sh
    virtualbox-iso: [sudo] password for vagrant: + sed -i -e /Defaults\s\+env_reset/a Defaults\texempt_group=sudo /etc/sudoers
    virtualbox-iso: + echo vagrant ALL=(ALL) NOPASSWD:ALL
    virtualbox-iso: + chmod 440 /etc/sudoers.d/99_vagrant
==> virtualbox-iso: Provisioning with shell script: scripts/vagrant.sh
    virtualbox-iso: + pubkey_url=https://raw.githubusercontent.com/mitchellh/vagrant/master/keys/vagrant.pub
    virtualbox-iso: + mkdir -p /home/vagrant/.ssh
    virtualbox-iso: + command -v wget
    virtualbox-iso: + wget --no-check-certificate https://raw.githubusercontent.com/mitchellh/vagrant/master/keys/vagrant.pub -O /home/vagrant/.ssh/authorized_keys
    virtualbox-iso: --2018-03-20 11:19:38--  https://raw.githubusercontent.com/mitchellh/vagrant/master/keys/vagrant.pub
    virtualbox-iso: Resolving raw.githubusercontent.com (raw.githubusercontent.com)... 151.101.88.133
    virtualbox-iso: Connecting to raw.githubusercontent.com (raw.githubusercontent.com)|151.101.88.133|:443... connected.
    virtualbox-iso: HTTP request sent, awaiting response... 200 OK
    virtualbox-iso: Length: 409 [text/plain]
    virtualbox-iso: Saving to: '/home/vagrant/.ssh/authorized_keys'
    virtualbox-iso:
    virtualbox-iso: 0K                                                       100%  131M=0s
    virtualbox-iso:
    virtualbox-iso: 2018-03-20 11:19:38 (131 MB/s) - '/home/vagrant/.ssh/authorized_keys' saved [409/409]
    virtualbox-iso:
    virtualbox-iso: + chown -R vagrant /home/vagrant/.ssh
    virtualbox-iso: + chmod -R go-rwsx /home/vagrant/.ssh
==> virtualbox-iso: Provisioning with shell script: scripts/virtualbox.sh
    virtualbox-iso: + HOME_DIR=/home/vagrant
    virtualbox-iso: + cat /home/vagrant/.vbox_version
    virtualbox-iso: + VER=5.2.6
    virtualbox-iso: + ISO=VBoxGuestAdditions_5.2.6.iso
    virtualbox-iso: + mkdir -p /tmp/vbox
    virtualbox-iso: + mount -o loop /home/vagrant/VBoxGuestAdditions_5.2.6.iso /tmp/vbox
    virtualbox-iso: mount: /tmp/vbox: WARNING: device write-protected, mounted read-only.
    virtualbox-iso: + sh /tmp/vbox/VBoxLinuxAdditions.run
    virtualbox-iso: Verifying archive integrity... All good.
    virtualbox-iso: Uncompressing VirtualBox 5.2.6 Guest Additions for Linux........
    virtualbox-iso: VirtualBox Guest Additions installer
    virtualbox-iso: Copying additional installer modules ...
    virtualbox-iso: Installing additional modules ...
    virtualbox-iso: VirtualBox Guest Additions: Building the VirtualBox Guest Additions kernel modules.
    virtualbox-iso: VirtualBox Guest Additions: Running kernel modules will not be replaced until the system is restarted
    virtualbox-iso: VirtualBox Guest Additions: Starting.
    virtualbox-iso: VirtualBox Guest Additions: modprobe vboxsf failed
    virtualbox-iso: VBoxLinuxAdditions.run exited 2 and is suppressed. For more read https://www.virtualbox.org/ticket/12479
    virtualbox-iso: + echo VBoxLinuxAdditions.run exited 2 and is suppressed. For more read https://www.virtualbox.org/ticket/12479
    virtualbox-iso: + umount /tmp/vbox
    virtualbox-iso: + rm -rf /tmp/vbox
    virtualbox-iso: + rm -f /home/vagrant/VBoxGuestAdditions_5.2.6.iso
==> virtualbox-iso: Provisioning with shell script: scripts/cleanup.sh
    virtualbox-iso: + xargs apt-get -y purge
    virtualbox-iso: + grep linux-headers
    virtualbox-iso: + awk { print $2 }
    virtualbox-iso: + dpkg --list
    virtualbox-iso: Reading package lists...
    virtualbox-iso: Building dependency tree...
    virtualbox-iso: Reading state information...
    virtualbox-iso: The following package was automatically installed and is no longer required:
    virtualbox-iso: linux-image-generic
    virtualbox-iso: Use 'sudo apt autoremove' to remove it.
    virtualbox-iso: The following packages will be REMOVED:
    virtualbox-iso: linux-generic* linux-headers-4.13.0-21* linux-headers-4.13.0-21-generic*
    virtualbox-iso: linux-headers-4.13.0-37* linux-headers-4.13.0-37-generic*
    virtualbox-iso: linux-headers-generic*
    virtualbox-iso: 0 upgraded, 0 newly installed, 6 to remove and 0 not upgraded.
    virtualbox-iso: After this operation, 166 MB disk space will be freed.
    virtualbox-iso: (Reading database ... 109240 files and directories currently installed.)
    virtualbox-iso: Removing linux-generic (4.13.0.37.40) ...
    virtualbox-iso: Removing linux-headers-4.13.0-21-generic (4.13.0-21.24) ...
    virtualbox-iso: Removing linux-headers-4.13.0-21 (4.13.0-21.24) ...
    virtualbox-iso: Removing linux-headers-generic (4.13.0.37.40) ...
    virtualbox-iso: Removing linux-headers-4.13.0-37-generic (4.13.0-37.42) ...
    virtualbox-iso: Removing linux-headers-4.13.0-37 (4.13.0-37.42) ...
    virtualbox-iso: + xargs apt-get -y purge
    virtualbox-iso: + grep linux-image-.*-generic
    virtualbox-iso: + awk { print $2 }
    virtualbox-iso: + uname -r
    virtualbox-iso: + grep -v 4.13.0-21-generic
    virtualbox-iso: + dpkg --list
    virtualbox-iso: Reading package lists...
    virtualbox-iso: Building dependency tree...
    virtualbox-iso: Reading state information...
    virtualbox-iso: The following packages will be REMOVED:
    virtualbox-iso: linux-image-4.13.0-37-generic* linux-image-extra-4.13.0-37-generic*
    virtualbox-iso: linux-image-generic*
    virtualbox-iso: 0 upgraded, 0 newly installed, 3 to remove and 0 not upgraded.
    virtualbox-iso: After this operation, 238 MB disk space will be freed.
    virtualbox-iso: (Reading database ... 51747 files and directories currently installed.)
    virtualbox-iso: Removing linux-image-generic (4.13.0.37.40) ...
    virtualbox-iso: Removing linux-image-extra-4.13.0-37-generic (4.13.0-37.42) ...
    virtualbox-iso: run-parts: executing /etc/kernel/postinst.d/apt-auto-removal 4.13.0-37-generic /boot/vmlinuz-4.13.0-37-generic
    virtualbox-iso: run-parts: executing /etc/kernel/postinst.d/dkms 4.13.0-37-generic /boot/vmlinuz-4.13.0-37-generic
    virtualbox-iso: run-parts: executing /etc/kernel/postinst.d/initramfs-tools 4.13.0-37-generic /boot/vmlinuz-4.13.0-37-generic
    virtualbox-iso: update-initramfs: Generating /boot/initrd.img-4.13.0-37-generic
    virtualbox-iso: WARNING: Setting CRYPTSETUP in /etc/initramfs-tools/initramfs.conf is deprecated and will stop working in the future. Use /etc/cryptsetup-initramfs/conf-hook instead.
    virtualbox-iso: run-parts: executing /etc/kernel/postinst.d/unattended-upgrades 4.13.0-37-generic /boot/vmlinuz-4.13.0-37-generic
    virtualbox-iso: run-parts: executing /etc/kernel/postinst.d/update-notifier 4.13.0-37-generic /boot/vmlinuz-4.13.0-37-generic
    virtualbox-iso: run-parts: executing /etc/kernel/postinst.d/vboxadd 4.13.0-37-generic /boot/vmlinuz-4.13.0-37-generic
    virtualbox-iso: run-parts: executing /etc/kernel/postinst.d/x-grub-legacy-ec2 4.13.0-37-generic /boot/vmlinuz-4.13.0-37-generic
    virtualbox-iso: debconf: unable to initialize frontend: Dialog
    virtualbox-iso: debconf: (Dialog frontend will not work on a dumb terminal, an emacs shell buffer, or without a controlling terminal.)
    virtualbox-iso: debconf: falling back to frontend: Readline
    virtualbox-iso: Searching for GRUB installation directory ... found: /boot/grub
    virtualbox-iso: Searching for default file ... found: /boot/grub/default
    virtualbox-iso: Testing for an existing GRUB menu.lst file ... found: /boot/grub/menu.lst
    virtualbox-iso: Searching for splash image ... none found, skipping ...
    virtualbox-iso: Found kernel: /boot/vmlinuz-4.13.0-37-generic
    virtualbox-iso: Found kernel: /boot/vmlinuz-4.13.0-21-generic
    virtualbox-iso: Found kernel: /boot/vmlinuz-4.13.0-37-generic
    virtualbox-iso: Found kernel: /boot/vmlinuz-4.13.0-21-generic
    virtualbox-iso: Updating /boot/grub/menu.lst ... done
    virtualbox-iso:
    virtualbox-iso: run-parts: executing /etc/kernel/postinst.d/zz-update-grub 4.13.0-37-generic /boot/vmlinuz-4.13.0-37-generic
    virtualbox-iso: Generating grub configuration file ...
    virtualbox-iso: Warning: Setting GRUB_TIMEOUT to a non-zero value when GRUB_HIDDEN_TIMEOUT is set is no longer supported.
    virtualbox-iso: Found linux image: /boot/vmlinuz-4.13.0-37-generic
    virtualbox-iso: Found initrd image: /boot/initrd.img-4.13.0-37-generic
    virtualbox-iso: Found linux image: /boot/vmlinuz-4.13.0-21-generic
    virtualbox-iso: Found initrd image: /boot/initrd.img-4.13.0-21-generic
    virtualbox-iso: done
    virtualbox-iso: Removing linux-image-4.13.0-37-generic (4.13.0-37.42) ...
    virtualbox-iso: Examining /etc/kernel/prerm.d.
    virtualbox-iso: run-parts: executing /etc/kernel/prerm.d/dkms 4.13.0-37-generic /boot/vmlinuz-4.13.0-37-generic
    virtualbox-iso: run-parts: executing /etc/kernel/prerm.d/vboxadd 4.13.0-37-generic /boot/vmlinuz-4.13.0-37-generic
    virtualbox-iso: Examining /etc/kernel/postrm.d .
    virtualbox-iso: run-parts: executing /etc/kernel/postrm.d/initramfs-tools 4.13.0-37-generic /boot/vmlinuz-4.13.0-37-generic
    virtualbox-iso: update-initramfs: Deleting /boot/initrd.img-4.13.0-37-generic
    virtualbox-iso: run-parts: executing /etc/kernel/postrm.d/x-grub-legacy-ec2 4.13.0-37-generic /boot/vmlinuz-4.13.0-37-generic
    virtualbox-iso: debconf: unable to initialize frontend: Dialog
    virtualbox-iso: debconf: (Dialog frontend will not work on a dumb terminal, an emacs shell buffer, or without a controlling terminal.)
    virtualbox-iso: debconf: falling back to frontend: Readline
    virtualbox-iso: Searching for GRUB installation directory ... found: /boot/grub
    virtualbox-iso: Searching for default file ... found: /boot/grub/default
    virtualbox-iso: Testing for an existing GRUB menu.lst file ... found: /boot/grub/menu.lst
    virtualbox-iso: Searching for splash image ... none found, skipping ...
    virtualbox-iso: Found kernel: /boot/vmlinuz-4.13.0-37-generic
    virtualbox-iso: Found kernel: /boot/vmlinuz-4.13.0-21-generic
    virtualbox-iso: Replacing config file /run/grub/menu.lst with new version
    virtualbox-iso: Found kernel: /boot/vmlinuz-4.13.0-21-generic
    virtualbox-iso: Replacing config file /run/grub/menu.lst with new version
    virtualbox-iso: Updating /boot/grub/menu.lst ... done
    virtualbox-iso:
    virtualbox-iso: run-parts: executing /etc/kernel/postrm.d/zz-update-grub 4.13.0-37-generic /boot/vmlinuz-4.13.0-37-generic
    virtualbox-iso: Generating grub configuration file ...
    virtualbox-iso: Warning: Setting GRUB_TIMEOUT to a non-zero value when GRUB_HIDDEN_TIMEOUT is set is no longer supported.
    virtualbox-iso: Found linux image: /boot/vmlinuz-4.13.0-21-generic
    virtualbox-iso: Found initrd image: /boot/initrd.img-4.13.0-21-generic
    virtualbox-iso: done
    virtualbox-iso: The link /vmlinuz is a damaged link
    virtualbox-iso: Removing symbolic link vmlinuz
    virtualbox-iso: you may need to re-run your boot loader[grub]
    virtualbox-iso: The link /initrd.img is a damaged link
    virtualbox-iso: Removing symbolic link initrd.img
    virtualbox-iso: you may need to re-run your boot loader[grub]
    virtualbox-iso: (Reading database ... 45537 files and directories currently installed.)
    virtualbox-iso: Purging configuration files for linux-image-extra-4.13.0-37-generic (4.13.0-37.42) ...
    virtualbox-iso: Purging configuration files for linux-image-4.13.0-37-generic (4.13.0-37.42) ...
    virtualbox-iso: Examining /etc/kernel/postrm.d .
    virtualbox-iso: run-parts: executing /etc/kernel/postrm.d/initramfs-tools 4.13.0-37-generic /boot/vmlinuz-4.13.0-37-generic
    virtualbox-iso: run-parts: executing /etc/kernel/postrm.d/x-grub-legacy-ec2 4.13.0-37-generic /boot/vmlinuz-4.13.0-37-generic
    virtualbox-iso: run-parts: executing /etc/kernel/postrm.d/zz-update-grub 4.13.0-37-generic /boot/vmlinuz-4.13.0-37-generic
    virtualbox-iso: + xargs apt-get -y purge
    virtualbox-iso: + grep linux-source
    virtualbox-iso: + awk { print $2 }
    virtualbox-iso: + dpkg --list
    virtualbox-iso: Reading package lists...
    virtualbox-iso: Building dependency tree...
    virtualbox-iso: Reading state information...
    virtualbox-iso: The following packages will be REMOVED:
    virtualbox-iso: linux-source* linux-source-4.13.0*
    virtualbox-iso: 0 upgraded, 0 newly installed, 2 to remove and 0 not upgraded.
    virtualbox-iso: After this operation, 141 MB disk space will be freed.
    virtualbox-iso: (Reading database ... 45537 files and directories currently installed.)
    virtualbox-iso: Removing linux-source (4.13.0.37.40) ...
    virtualbox-iso: Removing linux-source-4.13.0 (4.13.0-37.42) ...
    virtualbox-iso: + xargs apt-get -y purge
    virtualbox-iso: + grep -- -dev$
    virtualbox-iso: + awk { print $2 }
    virtualbox-iso: + dpkg --list
    virtualbox-iso: Reading package lists...
    virtualbox-iso: Building dependency tree...
    virtualbox-iso: Reading state information...
    virtualbox-iso: The following packages were automatically installed and are no longer required:
    virtualbox-iso: g++ g++-7 libalgorithm-diff-perl libalgorithm-diff-xs-perl
    virtualbox-iso: libalgorithm-merge-perl libstdc++-7-dev
    virtualbox-iso: Use 'sudo apt autoremove' to remove them.
    virtualbox-iso: The following packages will be REMOVED:
    virtualbox-iso: build-essential* dpkg-dev* manpages-dev*
    virtualbox-iso: 0 upgraded, 0 newly installed, 3 to remove and 0 not upgraded.
    virtualbox-iso: After this operation, 5,846 kB disk space will be freed.
    virtualbox-iso: (Reading database ... 45066 files and directories currently installed.)
    virtualbox-iso: Removing build-essential (12.4ubuntu1) ...
    virtualbox-iso: Removing dpkg-dev (1.18.24ubuntu1) ...
    virtualbox-iso: Removing manpages-dev (4.13-3) ...
    virtualbox-iso: Processing triggers for man-db (2.7.6.1-2) ...
    virtualbox-iso: (Reading database ... 42739 files and directories currently installed.)
    virtualbox-iso: Purging configuration files for dpkg-dev (1.18.24ubuntu1) ...
    virtualbox-iso: + xargs apt-get -y purge
    virtualbox-iso: + grep -- -doc$
    virtualbox-iso: + awk { print $2 }
    virtualbox-iso: + dpkg --list
    virtualbox-iso: Reading package lists...
    virtualbox-iso: Building dependency tree...
    virtualbox-iso: Reading state information...
    virtualbox-iso: The following packages were automatically installed and are no longer required:
    virtualbox-iso: g++ g++-7 libalgorithm-diff-perl libalgorithm-diff-xs-perl
    virtualbox-iso: libalgorithm-merge-perl libstdc++-7-dev
    virtualbox-iso: Use 'sudo apt autoremove' to remove them.
    virtualbox-iso: The following packages will be REMOVED:
    virtualbox-iso: libssl-doc*
    virtualbox-iso: 0 upgraded, 0 newly installed, 1 to remove and 0 not upgraded.
    virtualbox-iso: After this operation, 2,900 kB disk space will be freed.
    virtualbox-iso: (Reading database ... 42737 files and directories currently installed.)
    virtualbox-iso: Removing libssl-doc (1.0.2g-1ubuntu13.3) ...
    virtualbox-iso: Processing triggers for man-db (2.7.6.1-2) ...
    virtualbox-iso: + apt-get -y purge libx11-data xauth libxmuu1 libxcb1 libx11-6 libxext6
    virtualbox-iso: Reading package lists...
    virtualbox-iso: Building dependency tree...
    virtualbox-iso: Reading state information...
    virtualbox-iso: The following packages were automatically installed and are no longer required:
    virtualbox-iso: g++ g++-7 libalgorithm-diff-perl libalgorithm-diff-xs-perl
    virtualbox-iso: libalgorithm-merge-perl libstdc++-7-dev
    virtualbox-iso: Use 'sudo apt autoremove' to remove them.
    virtualbox-iso: The following packages will be REMOVED:
    virtualbox-iso: libx11-6* libx11-data* libxcb1* libxext6* libxmuu1* xauth*
    virtualbox-iso: 0 upgraded, 0 newly installed, 6 to remove and 0 not upgraded.
    virtualbox-iso: After this operation, 3,382 kB disk space will be freed.
    virtualbox-iso: (Reading database ... 41061 files and directories currently installed.)
    virtualbox-iso: Removing xauth (1:1.0.9-1ubuntu2) ...
    virtualbox-iso: Removing libxmuu1:amd64 (2:1.1.2-2) ...
    virtualbox-iso: Removing libxext6:amd64 (2:1.3.3-1) ...
    virtualbox-iso: Removing libx11-6:amd64 (2:1.6.4-3) ...
    virtualbox-iso: Removing libx11-data (2:1.6.4-3) ...
    virtualbox-iso: Removing libxcb1:amd64 (1.12-1ubuntu1) ...
    virtualbox-iso: Processing triggers for libc-bin (2.26-0ubuntu2.1) ...
    virtualbox-iso: Processing triggers for man-db (2.7.6.1-2) ...
    virtualbox-iso: (Reading database ... 40775 files and directories currently installed.)
    virtualbox-iso: Purging configuration files for libxext6:amd64 (2:1.3.3-1) ...
    virtualbox-iso: + apt-get -y purge ppp pppconfig pppoeconf
    virtualbox-iso: Reading package lists...
    virtualbox-iso: Building dependency tree...
    virtualbox-iso: Reading state information...
    virtualbox-iso: Package 'ppp' is not installed, so not removed
    virtualbox-iso: Package 'pppconfig' is not installed, so not removed
    virtualbox-iso: Package 'pppoeconf' is not installed, so not removed
    virtualbox-iso: The following packages were automatically installed and are no longer required:
    virtualbox-iso: g++ g++-7 libalgorithm-diff-perl libalgorithm-diff-xs-perl
    virtualbox-iso: libalgorithm-merge-perl libstdc++-7-dev
    virtualbox-iso: Use 'sudo apt autoremove' to remove them.
    virtualbox-iso: 0 upgraded, 0 newly installed, 0 to remove and 0 not upgraded.
    virtualbox-iso: + apt-get -y purge popularity-contest installation-report command-not-found command-not-found-data friendly-recovery bash-completion fonts-ubuntu-font-family-console laptop-detect
    virtualbox-iso: Reading package lists...
    virtualbox-iso: Building dependency tree...
    virtualbox-iso: Reading state information...
    virtualbox-iso: The following packages were automatically installed and are no longer required:
    virtualbox-iso: g++ g++-7 libalgorithm-diff-perl libalgorithm-diff-xs-perl
    virtualbox-iso: libalgorithm-merge-perl libstdc++-7-dev
    virtualbox-iso: Use 'sudo apt autoremove' to remove them.
    virtualbox-iso: The following packages will be REMOVED:
    virtualbox-iso: bash-completion* command-not-found* command-not-found-data*
    virtualbox-iso: fonts-ubuntu-font-family-console* friendly-recovery* installation-report*
    virtualbox-iso: laptop-detect* popularity-contest* python3-commandnotfound* ubuntu-server*
    virtualbox-iso: ubuntu-standard*
    virtualbox-iso: 0 upgraded, 0 newly installed, 11 to remove and 0 not upgraded.
    virtualbox-iso: After this operation, 5,898 kB disk space will be freed.
    virtualbox-iso: (Reading database ... 40775 files and directories currently installed.)
    virtualbox-iso: Removing bash-completion (1:2.1-4.3ubuntu1) ...
    virtualbox-iso: Removing command-not-found (0.3ubuntu17.10.2) ...
    virtualbox-iso: Removing python3-commandnotfound (0.3ubuntu17.10.2) ...
    virtualbox-iso: Removing command-not-found-data (0.3ubuntu17.10.2) ...
    virtualbox-iso: Removing ubuntu-server (1.404.1) ...
    virtualbox-iso: Removing fonts-ubuntu-font-family-console (1:0.83-0ubuntu2) ...
    virtualbox-iso: Removing friendly-recovery (0.2.36ubuntu1) ...
    virtualbox-iso: Generating grub configuration file ...
    virtualbox-iso: Warning: Setting GRUB_TIMEOUT to a non-zero value when GRUB_HIDDEN_TIMEOUT is set is no longer supported.
    virtualbox-iso: Found linux image: /boot/vmlinuz-4.13.0-21-generic
    virtualbox-iso: Found initrd image: /boot/initrd.img-4.13.0-21-generic
    virtualbox-iso: done
    virtualbox-iso: Removing installation-report (2.62ubuntu1) ...
    virtualbox-iso: Removing laptop-detect (0.16) ...
    virtualbox-iso: Removing ubuntu-standard (1.404.1) ...
    virtualbox-iso: Removing popularity-contest (1.64ubuntu2) ...
    virtualbox-iso: Processing triggers for man-db (2.7.6.1-2) ...
    virtualbox-iso: (Reading database ... 40100 files and directories currently installed.)
    virtualbox-iso: Purging configuration files for bash-completion (1:2.1-4.3ubuntu1) ...
    virtualbox-iso: Purging configuration files for installation-report (2.62ubuntu1) ...
    virtualbox-iso: Purging configuration files for command-not-found (0.3ubuntu17.10.2) ...
    virtualbox-iso: Purging configuration files for friendly-recovery (0.2.36ubuntu1) ...
    virtualbox-iso: Purging configuration files for popularity-contest (1.64ubuntu2) ...
    virtualbox-iso: debconf: unable to initialize frontend: Dialog
    virtualbox-iso: debconf: (Dialog frontend will not work on a dumb terminal, an emacs shell buffer, or without a controlling terminal.)
    virtualbox-iso: debconf: falling back to frontend: Readline
    virtualbox-iso: + echo ==> Setup dpkg excludes for linux-firmware
    virtualbox-iso: ==> Setup dpkg excludes for linux-firmware
    virtualbox-iso: + cat
    virtualbox-iso: + cat
    virtualbox-iso: + rm -rf /lib/firmware/1a98-INTEL-EDK2-2-tplg.bin /lib/firmware/3com /lib/firmware/4.13.0-21-generic /lib/firmware/NPE-B /lib/firmware/NPE-C /lib/firmware/README /lib/firmware/RTL8192E /lib/firmware/WHENCE.ubuntu /lib/firmware/a300_pfp.fw /lib/firmware/a300_pm4.fw /lib/firmware/acenic /lib/firmware/adaptec /lib/firmware/advansys /lib/firmware/agere_ap_fw.bin /lib/firmware/agere_sta_fw.bin /lib/firmware/amdgpu /lib/firmware/ar3k /lib/firmware/ar5523.bin /lib/firmware/as102_data1_st.hex /lib/firmware/as102_data2_st.hex /lib/firmware/asihpi /lib/firmware/ath10k /lib/firmware/ath3k-1.fw /lib/firmware/ath6k /lib/firmware/ath9k_htc /lib/firmware/atmel /lib/firmware/atmel_at76c504_2958.bin /lib/firmware/atmel_at76c504a_2958.bin /lib/firmware/atmsar11.fw /lib/firmware/atusb /lib/firmware/av7110 /lib/firmware/bnx2x /lib/firmware/brcm /lib/firmware/carl9170-1.fw /lib/firmware/carl9170fw /lib/firmware/cavium /lib/firmware/cbfw-3.2.1.1.bin /lib/firmware/cbfw-3.2.3.0.bin /lib/firmware/cbfw-3.2.5.1.bin /lib/firmware/cis /lib/firmware/configure /lib/firmware/cpia2 /lib/firmware/ct2fw-3.2.1.1.bin /lib/firmware/ct2fw-3.2.3.0.bin /lib/firmware/ct2fw-3.2.5.1.bin /lib/firmware/ctefx.bin /lib/firmware/ctfw-3.2.1.1.bin /lib/firmware/ctfw-3.2.3.0.bin /lib/firmware/ctfw-3.2.5.1.bin /lib/firmware/ctspeq.bin /lib/firmware/cxgb3 /lib/firmware/cxgb4 /lib/firmware/dsp56k /lib/firmware/dvb-fe-xc4000-1.4.1.fw /lib/firmware/dvb-fe-xc5000-1.6.114.fw /lib/firmware/dvb-fe-xc5000c-4.1.30.7.fw /lib/firmware/dvb-usb-dib0700-1.20.fw /lib/firmware/dvb-usb-it9135-01.fw /lib/firmware/dvb-usb-it9135-02.fw /lib/firmware/dvb-usb-terratec-h5-drxk.fw /lib/firmware/ea /lib/firmware/edgeport /lib/firmware/emi26 /lib/firmware/emi62 /lib/firmware/ene-ub6250 /lib/firmware/ess /lib/firmware/f2255usb.bin /lib/firmware/go7007 /lib/firmware/hfi1_dc8051.fw /lib/firmware/hfi1_fabric.fw /lib/firmware/hfi1_pcie.fw /lib/firmware/hfi1_sbus.fw /lib/firmware/htc_7010.fw /lib/firmware/htc_9271.fw /lib/firmware/i2400m-fw-usb-1.4.sbcf /lib/firmware/i2400m-fw-usb-1.5.sbcf /lib/firmware/i6050-fw-usb-1.5.sbcf /lib/firmware/i915 /lib/firmware/imx /lib/firmware/intel /lib/firmware/ipw2100-1.3-i.fw /lib/firmware/ipw2100-1.3-p.fw /lib/firmware/ipw2100-1.3.fw /lib/firmware/ipw2200-bss.fw /lib/firmware/ipw2200-ibss.fw /lib/firmware/ipw2200-sniffer.fw /lib/firmware/isci /lib/firmware/iwlwifi-100-5.ucode /lib/firmware/iwlwifi-1000-5.ucode /lib/firmware/iwlwifi-105-6.ucode /lib/firmware/iwlwifi-135-6.ucode /lib/firmware/iwlwifi-2000-6.ucode /lib/firmware/iwlwifi-2030-6.ucode /lib/firmware/iwlwifi-3160-10.ucode /lib/firmware/iwlwifi-3160-12.ucode /lib/firmware/iwlwifi-3160-13.ucode /lib/firmware/iwlwifi-3160-16.ucode /lib/firmware/iwlwifi-3160-17.ucode /lib/firmware/iwlwifi-3160-7.ucode /lib/firmware/iwlwifi-3160-8.ucode /lib/firmware/iwlwifi-3160-9.ucode /lib/firmware/iwlwifi-3168-21.ucode /lib/firmware/iwlwifi-3168-22.ucode /lib/firmware/iwlwifi-3168-27.ucode /lib/firmware/iwlwifi-3168-29.ucode /lib/firmware/iwlwifi-3945-2.ucode /lib/firmware/iwlwifi-4965-2.ucode /lib/firmware/iwlwifi-5000-5.ucode /lib/firmware/iwlwifi-5150-2.ucode /lib/firmware/iwlwifi-6000-4.ucode /lib/firmware/iwlwifi-6000g2a-5.ucode /lib/firmware/iwlwifi-6000g2a-6.ucode /lib/firmware/iwlwifi-6000g2b-6.ucode /lib/firmware/iwlwifi-6050-5.ucode /lib/firmware/iwlwifi-7260-10.ucode /lib/firmware/iwlwifi-7260-12.ucode /lib/firmware/iwlwifi-7260-13.ucode /lib/firmware/iwlwifi-7260-16.ucode /lib/firmware/iwlwifi-7260-17.ucode /lib/firmware/iwlwifi-7260-7.ucode /lib/firmware/iwlwifi-7260-8.ucode /lib/firmware/iwlwifi-7260-9.ucode /lib/firmware/iwlwifi-7265-10.ucode /lib/firmware/iwlwifi-7265-12.ucode /lib/firmware/iwlwifi-7265-13.ucode /lib/firmware/iwlwifi-7265-16.ucode /lib/firmware/iwlwifi-7265-17.ucode /lib/firmware/iwlwifi-7265-8.ucode /lib/firmware/iwlwifi-7265-9.ucode /lib/firmware/iwlwifi-7265D-10.ucode /lib/firmware/iwlwifi-7265D-12.ucode /lib/firmware/iwlwifi-7265D-13.ucode /lib/firmware/iwlwifi-7265D-16.ucode /lib/firmware/iwlwifi-7265D-17.ucode /lib/firmware/iwlwifi-7265D-21.ucode /lib/firmware/iwlwifi-7265D-22.ucode /lib/firmware/iwlwifi-7265D-27.ucode /lib/firmware/iwlwifi-7265D-29.ucode /lib/firmware/iwlwifi-8000C-13.ucode /lib/firmware/iwlwifi-8000C-16.ucode /lib/firmware/iwlwifi-8000C-21.ucode /lib/firmware/iwlwifi-8000C-27.ucode /lib/firmware/iwlwifi-8000C-31.ucode /lib/firmware/iwlwifi-8265-21.ucode /lib/firmware/iwlwifi-8265-22.ucode /lib/firmware/iwlwifi-8265-27.ucode /lib/firmware/iwlwifi-8265-31.ucode /lib/firmware/iwlwifi-9000-pu-b0-jf-b0-33.ucode /lib/firmware/iwlwifi-9260-th-b0-jf-b0-33.ucode /lib/firmware/kaweth /lib/firmware/keyspan /lib/firmware/keyspan_pda /lib/firmware/korg /lib/firmware/lbtf_usb.bin /lib/firmware/lgs8g75.fw /lib/firmware/libertas /lib/firmware/liquidio /lib/firmware/matrox /lib/firmware/mellanox /lib/firmware/moxa /lib/firmware/mrvl /lib/firmware/mt7601u.bin /lib/firmware/mt7650.bin /lib/firmware/mt7662.bin /lib/firmware/mt7662_rom_patch.bin /lib/firmware/mts_cdma.fw /lib/firmware/mts_edge.fw /lib/firmware/mts_gsm.fw /lib/firmware/mts_mt9234mu.fw /lib/firmware/mts_mt9234zba.fw /lib/firmware/mwl8k /lib/firmware/mwlwifi /lib/firmware/myri10ge_eth_big_z8e.dat /lib/firmware/myri10ge_eth_z8e.dat /lib/firmware/myri10ge_ethp_big_z8e.dat /lib/firmware/myri10ge_ethp_z8e.dat /lib/firmware/myri10ge_rss_eth_big_z8e.dat /lib/firmware/myri10ge_rss_eth_z8e.dat /lib/firmware/myri10ge_rss_ethp_big_z8e.dat /lib/firmware/myri10ge_rss_ethp_z8e.dat /lib/firmware/netronome /lib/firmware/nvidia /lib/firmware/ositech /lib/firmware/phanfw.bin /lib/firmware/qat_895xcc.bin /lib/firmware/qat_895xcc_mmp.bin /lib/firmware/qat_c3xxx.bin /lib/firmware/qat_c3xxx_mmp.bin /lib/firmware/qat_c62x.bin /lib/firmware/qat_c62x_mmp.bin /lib/firmware/qat_mmp.bin /lib/firmware/qca /lib/firmware/qcom /lib/firmware/qed /lib/firmware/ql2100_fw.bin /lib/firmware/ql2200_fw.bin /lib/firmware/ql2300_fw.bin /lib/firmware/ql2322_fw.bin /lib/firmware/ql2400_fw.bin /lib/firmware/ql2500_fw.bin /lib/firmware/r128 /lib/firmware/r8a779x_usb3_v1.dlmem /lib/firmware/r8a779x_usb3_v2.dlmem /lib/firmware/r8a779x_usb3_v3.dlmem /lib/firmware/radeon /lib/firmware/rockchip /lib/firmware/rp2.fw /lib/firmware/rsi /lib/firmware/rsi_91x.fw /lib/firmware/rt2561.bin /lib/firmware/rt2561s.bin /lib/firmware/rt2661.bin /lib/firmware/rt2860.bin /lib/firmware/rt2870.bin /lib/firmware/rt3070.bin /lib/firmware/rt3090.bin /lib/firmware/rt3290.bin /lib/firmware/rt73.bin /lib/firmware/rtl_bt /lib/firmware/rtl_nic /lib/firmware/rtlwifi /lib/firmware/s2250.fw /lib/firmware/s2250_loader.fw /lib/firmware/s5p-mfc-v6-v2.fw /lib/firmware/s5p-mfc-v6.fw /lib/firmware/s5p-mfc-v7.fw /lib/firmware/s5p-mfc-v8.fw /lib/firmware/s5p-mfc.fw /lib/firmware/sb16 /lib/firmware/scripts /lib/firmware/sdd_sagrad_1091_1098.bin /lib/firmware/slicoss /lib/firmware/sun /lib/firmware/tehuti /lib/firmware/ti-connectivity /lib/firmware/ti-keystone /lib/firmware/ti_3410.fw /lib/firmware/ti_5052.fw /lib/firmware/tigon /lib/firmware/tlg2300_firmware.bin /lib/firmware/ttusb-budget /lib/firmware/ueagle-atm /lib/firmware/usbdux /lib/firmware/usbdux_firmware.bin /lib/firmware/usbduxfast_firmware.bin /lib/firmware/usbduxsigma_firmware.bin /lib/firmware/v4l-cx231xx-avcore-01.fw /lib/firmware/v4l-cx23418-apu.fw /lib/firmware/v4l-cx23418-cpu.fw /lib/firmware/v4l-cx23418-dig.fw /lib/firmware/v4l-cx2341x-dec.fw /lib/firmware/v4l-cx2341x-enc.fw /lib/firmware/v4l-cx2341x-init.mpg /lib/firmware/v4l-cx23885-avcore-01.fw /lib/firmware/v4l-cx25840.fw /lib/firmware/v4l-pvrusb2-24xxx-01.fw /lib/firmware/v4l-pvrusb2-29xxx-01.fw /lib/firmware/vicam /lib/firmware/vntwusb.fw /lib/firmware/vpu_d.bin /lib/firmware/vpu_p.bin /lib/firmware/vxge /lib/firmware/whiteheat.fw /lib/firmware/whiteheat_loader.fw /lib/firmware/wil6210.brd /lib/firmware/wil6210.fw /lib/firmware/wsm_22.bin /lib/firmware/yam /lib/firmware/yamaha /lib/firmware/zd1201-ap.fw /lib/firmware/zd1201.fw /lib/firmware/zd1211
    virtualbox-iso: + rm -rf /usr/share/doc/linux-firmware/README.gz /usr/share/doc/linux-firmware/changelog.gz /usr/share/doc/linux-firmware/copyright /usr/share/doc/linux-firmware/licenses
    virtualbox-iso: + apt-get -y autoremove
    virtualbox-iso: Reading package lists...
    virtualbox-iso: Building dependency tree...
    virtualbox-iso: Reading state information...
    virtualbox-iso: The following packages will be REMOVED:
    virtualbox-iso: g++ g++-7 libalgorithm-diff-perl libalgorithm-diff-xs-perl
    virtualbox-iso: libalgorithm-merge-perl libstdc++-7-dev
    virtualbox-iso: 0 upgraded, 0 newly installed, 6 to remove and 0 not upgraded.
    virtualbox-iso: After this operation, 40.9 MB disk space will be freed.
    virtualbox-iso: (Reading database ... 40096 files and directories currently installed.)
    virtualbox-iso: Removing g++ (4:7.2.0-1ubuntu1) ...
    virtualbox-iso: Removing g++-7 (7.2.0-8ubuntu3.2) ...
    virtualbox-iso: Removing libalgorithm-diff-xs-perl (0.04-4build3) ...
    virtualbox-iso: Removing libalgorithm-merge-perl (0.08-3) ...
    virtualbox-iso: Removing libalgorithm-diff-perl (1.19.03-1) ...
    virtualbox-iso: Removing libstdc++-7-dev:amd64 (7.2.0-8ubuntu3.2) ...
    virtualbox-iso: Processing triggers for man-db (2.7.6.1-2) ...
    virtualbox-iso: + apt-get -y clean
    virtualbox-iso: + rm -rf /usr/share/doc/accountsservice /usr/share/doc/acl /usr/share/doc/acpid /usr/share/doc/adduser /usr/share/doc/apparmor /usr/share/doc/apport /usr/share/doc/apport-symptoms /usr/share/doc/apt /usr/share/doc/apt-utils /usr/share/doc/at /usr/share/doc/base-files /usr/share/doc/base-passwd /usr/share/doc/bash /usr/share/doc/bcache-tools /usr/share/doc/bind9-host /usr/share/doc/binutils /usr/share/doc/binutils-common /usr/share/doc/binutils-x86-64-linux-gnu /usr/share/doc/bsdmainutils /usr/share/doc/bsdutils /usr/share/doc/btrfs-progs /usr/share/doc/btrfs-tools /usr/share/doc/busybox-initramfs /usr/share/doc/busybox-static /usr/share/doc/byobu /usr/share/doc/bzip2 /usr/share/doc/ca-certificates /usr/share/doc/cifs-utils /usr/share/doc/cloud-guest-utils /usr/share/doc/cloud-initramfs-copymods /usr/share/doc/cloud-initramfs-dyn-netconf /usr/share/doc/console-setup /usr/share/doc/console-setup-linux /usr/share/doc/coreutils /usr/share/doc/cpio /usr/share/doc/cpp /usr/share/doc/cpp-7 /usr/share/doc/crda /usr/share/doc/cron /usr/share/doc/cryptsetup /usr/share/doc/cryptsetup-bin /usr/share/doc/curl /usr/share/doc/dash /usr/share/doc/dbus /usr/share/doc/debconf /usr/share/doc/debconf-i18n /usr/share/doc/debianutils /usr/share/doc/dh-python /usr/share/doc/diffutils /usr/share/doc/dirmngr /usr/share/doc/distro-info-data /usr/share/doc/dkms /usr/share/doc/dmeventd /usr/share/doc/dmidecode /usr/share/doc/dmsetup /usr/share/doc/dns-root-data /usr/share/doc/dnsmasq-base /usr/share/doc/dnsutils /usr/share/doc/dosfstools /usr/share/doc/dpkg /usr/share/doc/e2fslibs /usr/share/doc/e2fsprogs /usr/share/doc/ebtables /usr/share/doc/ed /usr/share/doc/eject /usr/share/doc/ethtool /usr/share/doc/fakeroot /usr/share/doc/fdisk /usr/share/doc/file /usr/share/doc/findutils /usr/share/doc/ftp /usr/share/doc/fuse /usr/share/doc/gawk /usr/share/doc/gcc /usr/share/doc/gcc-7 /usr/share/doc/gcc-7-base /usr/share/doc/geoip-database /usr/share/doc/gettext-base /usr/share/doc/gir1.2-glib-2.0 /usr/share/doc/git /usr/share/doc/git-man /usr/share/doc/gnupg /usr/share/doc/gnupg-agent /usr/share/doc/gnupg-l10n /usr/share/doc/gpgv /usr/share/doc/grep /usr/share/doc/groff-base /usr/share/doc/grub-common /usr/share/doc/grub-gfxpayload-lists /usr/share/doc/grub-legacy-ec2 /usr/share/doc/grub-pc /usr/share/doc/grub-pc-bin /usr/share/doc/grub2-common /usr/share/doc/gzip /usr/share/doc/hdparm /usr/share/doc/hostname /usr/share/doc/info /usr/share/doc/init /usr/share/doc/init-system-helpers /usr/share/doc/initramfs-tools /usr/share/doc/initramfs-tools-bin /usr/share/doc/initramfs-tools-core /usr/share/doc/install-info /usr/share/doc/iproute2 /usr/share/doc/iptables /usr/share/doc/iputils-ping /usr/share/doc/iputils-tracepath /usr/share/doc/irqbalance /usr/share/doc/isc-dhcp-client /usr/share/doc/isc-dhcp-common /usr/share/doc/iso-codes /usr/share/doc/iw /usr/share/doc/kbd /usr/share/doc/keyboard-configuration /usr/share/doc/keyutils /usr/share/doc/klibc-utils /usr/share/doc/kmod /usr/share/doc/krb5-locales /usr/share/doc/language-pack-en /usr/share/doc/language-pack-en-base /usr/share/doc/language-pack-gnome-en /usr/share/doc/language-pack-gnome-en-base /usr/share/doc/language-selector-common /usr/share/doc/less /usr/share/doc/libaccountsservice0 /usr/share/doc/libacl1 /usr/share/doc/libapparmor-perl /usr/share/doc/libapparmor1 /usr/share/doc/libapt-inst2.0 /usr/share/doc/libapt-pkg5.0 /usr/share/doc/libasan4 /usr/share/doc/libasn1-8-heimdal /usr/share/doc/libassuan0 /usr/share/doc/libatm1 /usr/share/doc/libatomic1 /usr/share/doc/libattr1 /usr/share/doc/libaudit-common /usr/share/doc/libaudit1 /usr/share/doc/libavahi-client3 /usr/share/doc/libavahi-common-data /usr/share/doc/libavahi-common3 /usr/share/doc/libbind9-140 /usr/share/doc/libbinutils /usr/share/doc/libblkid1 /usr/share/doc/libbsd0 /usr/share/doc/libbz2-1.0 /usr/share/doc/libc-bin /usr/share/doc/libc-dev-bin /usr/share/doc/libc6 /usr/share/doc/libc6-dev /usr/share/doc/libcap-ng0 /usr/share/doc/libcap2 /usr/share/doc/libcap2-bin /usr/share/doc/libcc1-0 /usr/share/doc/libcilkrts5 /usr/share/doc/libcomerr2 /usr/share/doc/libcryptsetup4 /usr/share/doc/libcups2 /usr/share/doc/libcurl3 /usr/share/doc/libcurl3-gnutls /usr/share/doc/libdb5.3 /usr/share/doc/libdbus-1-3 /usr/share/doc/libdbus-glib-1-2 /usr/share/doc/libdebconfclient0 /usr/share/doc/libdevmapper-event1.02.1 /usr/share/doc/libdevmapper1.02.1 /usr/share/doc/libdns-export162 /usr/share/doc/libdns162 /usr/share/doc/libdpkg-perl /usr/share/doc/libdrm-common /usr/share/doc/libdrm2 /usr/share/doc/libdumbnet1 /usr/share/doc/libedit2 /usr/share/doc/libelf1 /usr/share/doc/liberror-perl /usr/share/doc/libestr0 /usr/share/doc/libevent-2.1-6 /usr/share/doc/libexpat1 /usr/share/doc/libfakeroot /usr/share/doc/libfdisk1 /usr/share/doc/libffi6 /usr/share/doc/libfile-fcntllock-perl /usr/share/doc/libfreetype6 /usr/share/doc/libfribidi0 /usr/share/doc/libfuse2 /usr/share/doc/libgcc-7-dev /usr/share/doc/libgcc1 /usr/share/doc/libgcrypt20 /usr/share/doc/libgdbm3 /usr/share/doc/libgeoip1 /usr/share/doc/libgirepository-1.0-1 /usr/share/doc/libglib2.0-0 /usr/share/doc/libglib2.0-data /usr/share/doc/libgmp10 /usr/share/doc/libgnutls30 /usr/share/doc/libgolang-1.8-std1 /usr/share/doc/libgolang-github-gorilla-context1 /usr/share/doc/libgolang-github-gorilla-mux1 /usr/share/doc/libgolang-github-gorilla-websocket1 /usr/share/doc/libgolang-github-gosexy-gettext1 /usr/share/doc/libgolang-github-mattn-go-colorable1 /usr/share/doc/libgolang-github-mattn-go-runewidth1 /usr/share/doc/libgolang-github-mattn-go-sqlite3-1 /usr/share/doc/libgolang-github-olekukonko-tablewriter1 /usr/share/doc/libgolang-github-pborman-uuid1 /usr/share/doc/libgolang-gocapability1 /usr/share/doc/libgolang-golang-x-crypto1 /usr/share/doc/libgolang-golang-x-net1 /usr/share/doc/libgolang-golang-x-text1 /usr/share/doc/libgolang-gopkg-flosch-pongo2.v3-1 /usr/share/doc/libgolang-gopkg-inconshreveable-log15.v2-1 /usr/share/doc/libgolang-gopkg-lxc-go-lxc.v2-1 /usr/share/doc/libgolang-gopkg-tomb.v2-1 /usr/share/doc/libgolang-gopkg-yaml.v2-1 /usr/share/doc/libgolang-goprotobuf1 /usr/share/doc/libgolang-petname1 /usr/share/doc/libgomp1 /usr/share/doc/libgpg-error0 /usr/share/doc/libgpm2 /usr/share/doc/libgssapi-krb5-2 /usr/share/doc/libgssapi3-heimdal /usr/share/doc/libhcrypto4-heimdal /usr/share/doc/libheimbase1-heimdal /usr/share/doc/libheimntlm0-heimdal /usr/share/doc/libhogweed4 /usr/share/doc/libhx509-5-heimdal /usr/share/doc/libicu57 /usr/share/doc/libidn11 /usr/share/doc/libidn2-0 /usr/share/doc/libip4tc0 /usr/share/doc/libip6tc0 /usr/share/doc/libiptc0 /usr/share/doc/libisc-export160 /usr/share/doc/libisc160 /usr/share/doc/libisccc140 /usr/share/doc/libisccfg140 /usr/share/doc/libisl15 /usr/share/doc/libisns0 /usr/share/doc/libitm1 /usr/share/doc/libjson-c3 /usr/share/doc/libk5crypto3 /usr/share/doc/libkeyutils1 /usr/share/doc/libklibc /usr/share/doc/libkmod2 /usr/share/doc/libkrb5-26-heimdal /usr/share/doc/libkrb5-3 /usr/share/doc/libkrb5support0 /usr/share/doc/libksba8 /usr/share/doc/libldap-2.4-2 /usr/share/doc/libldap-common /usr/share/doc/libldb1 /usr/share/doc/liblocale-gettext-perl /usr/share/doc/liblsan0 /usr/share/doc/liblvm2app2.2 /usr/share/doc/liblvm2cmd2.02 /usr/share/doc/liblwres141 /usr/share/doc/liblxc1 /usr/share/doc/liblz4-1 /usr/share/doc/liblzma5 /usr/share/doc/liblzo2-2 /usr/share/doc/libmagic-mgc /usr/share/doc/libmagic1 /usr/share/doc/libmnl0 /usr/share/doc/libmount1 /usr/share/doc/libmpc3 /usr/share/doc/libmpdec2 /usr/share/doc/libmpfr4 /usr/share/doc/libmpx2 /usr/share/doc/libmspack0 /usr/share/doc/libncurses5 /usr/share/doc/libncursesw5 /usr/share/doc/libnetfilter-conntrack3 /usr/share/doc/libnettle6 /usr/share/doc/libnewt0.52 /usr/share/doc/libnfnetlink0 /usr/share/doc/libnfsidmap2 /usr/share/doc/libnih1 /usr/share/doc/libnl-3-200 /usr/share/doc/libnl-genl-3-200 /usr/share/doc/libnpth0 /usr/share/doc/libntfs-3g872 /usr/share/doc/libnuma1 /usr/share/doc/libp11-kit0 /usr/share/doc/libpam-cap /usr/share/doc/libpam-modules /usr/share/doc/libpam-modules-bin /usr/share/doc/libpam-runtime /usr/share/doc/libpam-systemd /usr/share/doc/libpam0g /usr/share/doc/libparted2 /usr/share/doc/libpcap0.8 /usr/share/doc/libpci3 /usr/share/doc/libpcre3 /usr/share/doc/libperl5.26 /usr/share/doc/libpipeline1 /usr/share/doc/libplymouth4 /usr/share/doc/libpng16-16 /usr/share/doc/libpolkit-agent-1-0 /usr/share/doc/libpolkit-backend-1-0 /usr/share/doc/libpolkit-gobject-1-0 /usr/share/doc/libpopt0 /usr/share/doc/libprocps6 /usr/share/doc/libpsl5 /usr/share/doc/libpython-stdlib /usr/share/doc/libpython2.7 /usr/share/doc/libpython2.7-minimal /usr/share/doc/libpython2.7-stdlib /usr/share/doc/libpython3-stdlib /usr/share/doc/libpython3.6 /usr/share/doc/libpython3.6-minimal /usr/share/doc/libpython3.6-stdlib /usr/share/doc/libquadmath0 /usr/share/doc/libreadline-dev /usr/share/doc/libreadline5 /usr/share/doc/libreadline7 /usr/share/doc/libroken18-heimdal /usr/share/doc/librtmp1 /usr/share/doc/libsasl2-2 /usr/share/doc/libsasl2-modules /usr/share/doc/libsasl2-modules-db /usr/share/doc/libseccomp2 /usr/share/doc/libselinux1 /usr/share/doc/libsemanage-common /usr/share/doc/libsemanage1 /usr/share/doc/libsepol1 /usr/share/doc/libsigsegv2 /usr/share/doc/libslang2 /usr/share/doc/libsmartcols1 /usr/share/doc/libsqlite3-0 /usr/share/doc/libss2 /usr/share/doc/libssl-dev /usr/share/doc/libssl1.0.0 /usr/share/doc/libstdc++6 /usr/share/doc/libsystemd0 /usr/share/doc/libtalloc2 /usr/share/doc/libtasn1-6 /usr/share/doc/libtdb1 /usr/share/doc/libtevent0 /usr/share/doc/libtext-charwidth-perl /usr/share/doc/libtext-iconv-perl /usr/share/doc/libtext-wrapi18n-perl /usr/share/doc/libtinfo-dev /usr/share/doc/libtinfo5 /usr/share/doc/libtirpc1 /usr/share/doc/libtsan0 /usr/share/doc/libubsan0 /usr/share/doc/libudev1 /usr/share/doc/libunistring0 /usr/share/doc/libusb-1.0-0 /usr/share/doc/libutempter0 /usr/share/doc/libuuid1 /usr/share/doc/libwbclient0 /usr/share/doc/libwind0-heimdal /usr/share/doc/libwrap0 /usr/share/doc/libxau6 /usr/share/doc/libxdmcp6 /usr/share/doc/libxml2 /usr/share/doc/libxmlsec1 /usr/share/doc/libxmlsec1-openssl /usr/share/doc/libxslt1.1 /usr/share/doc/libxtables12 /usr/share/doc/libyaml-0-2 /usr/share/doc/linux-base /usr/share/doc/linux-firmware /usr/share/doc/linux-image-4.13.0-21-generic /usr/share/doc/linux-image-extra-4.13.0-21-generic /usr/share/doc/linux-libc-dev /usr/share/doc/locales /usr/share/doc/login /usr/share/doc/logrotate /usr/share/doc/lsb-base /usr/share/doc/lsb-release /usr/share/doc/lshw /usr/share/doc/lsof /usr/share/doc/ltrace /usr/share/doc/lvm2 /usr/share/doc/lxc-common /usr/share/doc/lxcfs /usr/share/doc/lxd /usr/share/doc/lxd-client /usr/share/doc/make /usr/share/doc/man-db /usr/share/doc/manpages /usr/share/doc/mawk /usr/share/doc/mdadm /usr/share/doc/mime-support /usr/share/doc/mlocate /usr/share/doc/mount /usr/share/doc/mtr-tiny /usr/share/doc/multiarch-support /usr/share/doc/nano /usr/share/doc/ncurses-base /usr/share/doc/ncurses-bin /usr/share/doc/ncurses-term /usr/share/doc/net-tools /usr/share/doc/netbase /usr/share/doc/netcat-openbsd /usr/share/doc/netplan /usr/share/doc/nfs-common /usr/share/doc/nplan /usr/share/doc/ntfs-3g /usr/share/doc/open-iscsi /usr/share/doc/open-vm-tools /usr/share/doc/openssh-client /usr/share/doc/openssh-server /usr/share/doc/openssh-sftp-server /usr/share/doc/openssl /usr/share/doc/os-prober /usr/share/doc/overlayroot /usr/share/doc/parted /usr/share/doc/passwd /usr/share/doc/pastebinit /usr/share/doc/patch /usr/share/doc/pciutils /usr/share/doc/perl /usr/share/doc/perl-base /usr/share/doc/perl-modules-5.26 /usr/share/doc/pinentry-curses /usr/share/doc/plymouth /usr/share/doc/plymouth-theme-ubuntu-text /usr/share/doc/policykit-1 /usr/share/doc/pollinate /usr/share/doc/powermgmt-base /usr/share/doc/procps /usr/share/doc/psmisc /usr/share/doc/publicsuffix /usr/share/doc/python /usr/share/doc/python-apt-common /usr/share/doc/python-crypto /usr/share/doc/python-ldb /usr/share/doc/python-minimal /usr/share/doc/python-samba /usr/share/doc/python-talloc /usr/share/doc/python-tdb /usr/share/doc/python2.7 /usr/share/doc/python2.7-minimal /usr/share/doc/python3 /usr/share/doc/python3-apport /usr/share/doc/python3-apt /usr/share/doc/python3-certifi /usr/share/doc/python3-chardet /usr/share/doc/python3-dbus /usr/share/doc/python3-debian /usr/share/doc/python3-distro-info /usr/share/doc/python3-distupgrade /usr/share/doc/python3-gdbm /usr/share/doc/python3-gi /usr/share/doc/python3-httplib2 /usr/share/doc/python3-idna /usr/share/doc/python3-minimal /usr/share/doc/python3-newt /usr/share/doc/python3-pkg-resources /usr/share/doc/python3-problem-report /usr/share/doc/python3-requests /usr/share/doc/python3-six /usr/share/doc/python3-software-properties /usr/share/doc/python3-systemd /usr/share/doc/python3-update-manager /usr/share/doc/python3-urllib3 /usr/share/doc/python3-yaml /usr/share/doc/python3.6 /usr/share/doc/python3.6-minimal /usr/share/doc/readline-common /usr/share/doc/rpcbind /usr/share/doc/rsync /usr/share/doc/rsyslog /usr/share/doc/run-one /usr/share/doc/samba-common /usr/share/doc/samba-common-bin /usr/share/doc/samba-libs /usr/share/doc/screen /usr/share/doc/sed /usr/share/doc/sensible-utils /usr/share/doc/shared-mime-info /usr/share/doc/snapd /usr/share/doc/software-properties-common /usr/share/doc/sosreport /usr/share/doc/squashfs-tools /usr/share/doc/ssh-import-id /usr/share/doc/strace /usr/share/doc/sudo /usr/share/doc/systemd /usr/share/doc/systemd-sysv /usr/share/doc/sysvinit-utils /usr/share/doc/tar /usr/share/doc/tasksel /usr/share/doc/tasksel-data /usr/share/doc/tcpd /usr/share/doc/tcpdump /usr/share/doc/telnet /usr/share/doc/time /usr/share/doc/tmux /usr/share/doc/tzdata /usr/share/doc/ubuntu-advantage-tools /usr/share/doc/ubuntu-cloudimage-keyring /usr/share/doc/ubuntu-keyring /usr/share/doc/ubuntu-minimal /usr/share/doc/ubuntu-release-upgrader-core /usr/share/doc/ucf /usr/share/doc/udev /usr/share/doc/ufw /usr/share/doc/uidmap /usr/share/doc/unattended-upgrades /usr/share/doc/update-manager-core /usr/share/doc/update-notifier-common /usr/share/doc/ureadahead /usr/share/doc/usbutils /usr/share/doc/util-linux /usr/share/doc/uuid-runtime /usr/share/doc/vim /usr/share/doc/vim-common /usr/share/doc/vim-runtime /usr/share/doc/vim-tiny /usr/share/doc/vlan /usr/share/doc/wget /usr/share/doc/whiptail /usr/share/doc/wireless-regdb /usr/share/doc/xdelta3 /usr/share/doc/xdg-user-dirs /usr/share/doc/xfsprogs /usr/share/doc/xkb-data /usr/share/doc/xxd /usr/share/doc/xz-utils /usr/share/doc/zerofree /usr/share/doc/zlib1g /usr/share/doc/zlib1g-dev
    virtualbox-iso: + find /var/cache -type f -exec rm -rf {} ;
    virtualbox-iso: + find /var/log/ -name *.log -exec rm -f {} ;
==> virtualbox-iso: Provisioning with shell script: scripts/minimize.sh
    virtualbox-iso: + awk -F   {print $4}
    virtualbox-iso: + tail -n1
    virtualbox-iso: + df --sync -kP /
    virtualbox-iso: + count=60095956
    virtualbox-iso: + count=60095955
    virtualbox-iso: + dd if=/dev/zero of=/tmp/whitespace bs=1M count=60095955
    virtualbox-iso: dd exit code 1 is suppressed
    virtualbox-iso: dd: error writing '/tmp/whitespace': No space left on device
    virtualbox-iso: 61913+0 records in
    virtualbox-iso: 61912+0 records out
    virtualbox-iso: 64920297472 bytes (65 GB, 60 GiB) copied, 89.134 s, 728 MB/s
    virtualbox-iso: + echo dd exit code 1 is suppressed
    virtualbox-iso: + rm /tmp/whitespace
    virtualbox-iso: + tail -n1
    virtualbox-iso: + df --sync -kP /boot
    virtualbox-iso: + awk -F   {print $4}
    virtualbox-iso: + count=60095956
    virtualbox-iso: + count=60095955
    virtualbox-iso: + dd if=/dev/zero of=/boot/whitespace bs=1M count=60095955
    virtualbox-iso: dd: error writing '/boot/whitespace': No space left on device
    virtualbox-iso: 61913+0 records in
    virtualbox-iso: dd exit code 1 is suppressed
    virtualbox-iso: 61912+0 records out
    virtualbox-iso: 64920309760 bytes (65 GB, 60 GiB) copied, 86.1427 s, 754 MB/s
    virtualbox-iso: + echo dd exit code 1 is suppressed
    virtualbox-iso: + rm /boot/whitespace
    virtualbox-iso: + set +e
    virtualbox-iso: + /sbin/blkid -o value -l -s UUID -t TYPE=swap
    virtualbox-iso: + swapuuid=75087316-0a9b-47a3-aead-96cc1add68e9
    virtualbox-iso: + set -e
    virtualbox-iso: + [ x75087316-0a9b-47a3-aead-96cc1add68e9 != x ]
    virtualbox-iso: + readlink -f /dev/disk/by-uuid/75087316-0a9b-47a3-aead-96cc1add68e9
    virtualbox-iso: + swappart=/dev/dm-1
    virtualbox-iso: + /sbin/swapoff /dev/dm-1
    virtualbox-iso: + dd if=/dev/zero of=/dev/dm-1 bs=1M
    virtualbox-iso: dd: error writing '/dev/dm-1': No space left on device
    virtualbox-iso: 1025+0 records in
    virtualbox-iso: 1024+0 records out
    virtualbox-iso: 1073741824 bytes (1.1 GB, 1.0 GiB) copied, 1.83898 s, 584 MB/s
    virtualbox-iso: + echo dd exit code 1 is suppressed
    virtualbox-iso: dd exit code 1 is suppressed
    virtualbox-iso: + /sbin/mkswap -U 75087316-0a9b-47a3-aead-96cc1add68e9 /dev/dm-1
    virtualbox-iso: Setting up swapspace version 1, size = 1024 MiB (1073737728 bytes)
    virtualbox-iso: no label, UUID=75087316-0a9b-47a3-aead-96cc1add68e9
    virtualbox-iso: + sync
==> virtualbox-iso: Gracefully halting virtual machine...
==> virtualbox-iso: Preparing to export machine...
    virtualbox-iso: Deleting forwarded port mapping for the communicator (SSH, WinRM, etc) (host port 2793)
==> virtualbox-iso: Exporting virtual machine...
    virtualbox-iso: Executing: export ubuntu-17.10-amd64 --output ..\builds\packer-ubuntu-17.10-amd64-virtualbox\ubuntu-17.10-amd64.ovf
==> virtualbox-iso: Unregistering and deleting virtual machine...
==> virtualbox-iso: Running post-processor: vagrant
==> virtualbox-iso (vagrant): Creating Vagrant box for 'virtualbox' provider
    virtualbox-iso (vagrant): Copying from artifact: ..\builds\packer-ubuntu-17.10-amd64-virtualbox\ubuntu-17.10-amd64-disk001.vmdk
    virtualbox-iso (vagrant): Copying from artifact: ..\builds\packer-ubuntu-17.10-amd64-virtualbox\ubuntu-17.10-amd64.ovf
    virtualbox-iso (vagrant): Renaming the OVF to box.ovf...
    virtualbox-iso (vagrant): Using custom Vagrantfile: vagrantfile.template
    virtualbox-iso (vagrant): Compressing: Vagrantfile
    virtualbox-iso (vagrant): Compressing: box.ovf
    virtualbox-iso (vagrant): Compressing: metadata.json
    virtualbox-iso (vagrant): Compressing: ubuntu-17.10-amd64-disk001.vmdk
Build 'virtualbox-iso' finished.

==> Builds finished. The artifacts of successful builds are:
--> virtualbox-iso: 'virtualbox' provider box: my_dev.box
